<?xml version="1.0" encoding="UTF-8"?>
<testsuite xmlns:xsi="http://www.w3.org/2001/XMLSchema-instance" xsi:noNamespaceSchemaLocation="https://maven.apache.org/surefire/maven-surefire-plugin/xsd/surefire-test-report.xsd" name="TestSuite" time="44.116" tests="57" errors="0" skipped="1" failures="15">
  <properties>
    <property name="sun.desktop" value="windows"/>
    <property name="awt.toolkit" value="sun.awt.windows.WToolkit"/>
    <property name="file.encoding.pkg" value="sun.io"/>
    <property name="java.specification.version" value="1.8"/>
    <property name="sun.cpu.isalist" value="amd64"/>
    <property name="sun.jnu.encoding" value="Cp1252"/>
    <property name="java.class.path" value="C:\Users\DELL\eclipse-workspace\AutomationPractice\target\test-classes;C:\Users\DELL\eclipse-workspace\AutomationPractice\target\classes;C:\Users\DELL\.m2\repository\org\seleniumhq\selenium\selenium-java\3.141.59\selenium-java-3.141.59.jar;C:\Users\DELL\.m2\repository\org\seleniumhq\selenium\selenium-api\3.141.59\selenium-api-3.141.59.jar;C:\Users\DELL\.m2\repository\org\seleniumhq\selenium\selenium-chrome-driver\3.141.59\selenium-chrome-driver-3.141.59.jar;C:\Users\DELL\.m2\repository\org\seleniumhq\selenium\selenium-edge-driver\3.141.59\selenium-edge-driver-3.141.59.jar;C:\Users\DELL\.m2\repository\org\seleniumhq\selenium\selenium-firefox-driver\3.141.59\selenium-firefox-driver-3.141.59.jar;C:\Users\DELL\.m2\repository\org\seleniumhq\selenium\selenium-ie-driver\3.141.59\selenium-ie-driver-3.141.59.jar;C:\Users\DELL\.m2\repository\org\seleniumhq\selenium\selenium-opera-driver\3.141.59\selenium-opera-driver-3.141.59.jar;C:\Users\DELL\.m2\repository\org\seleniumhq\selenium\selenium-remote-driver\3.141.59\selenium-remote-driver-3.141.59.jar;C:\Users\DELL\.m2\repository\org\seleniumhq\selenium\selenium-safari-driver\3.141.59\selenium-safari-driver-3.141.59.jar;C:\Users\DELL\.m2\repository\org\seleniumhq\selenium\selenium-support\3.141.59\selenium-support-3.141.59.jar;C:\Users\DELL\.m2\repository\net\bytebuddy\byte-buddy\1.8.15\byte-buddy-1.8.15.jar;C:\Users\DELL\.m2\repository\org\apache\commons\commons-exec\1.3\commons-exec-1.3.jar;C:\Users\DELL\.m2\repository\com\google\guava\guava\25.0-jre\guava-25.0-jre.jar;C:\Users\DELL\.m2\repository\com\google\code\findbugs\jsr305\1.3.9\jsr305-1.3.9.jar;C:\Users\DELL\.m2\repository\org\checkerframework\checker-compat-qual\2.0.0\checker-compat-qual-2.0.0.jar;C:\Users\DELL\.m2\repository\com\google\errorprone\error_prone_annotations\2.1.3\error_prone_annotations-2.1.3.jar;C:\Users\DELL\.m2\repository\com\google\j2objc\j2objc-annotations\1.1\j2objc-annotations-1.1.jar;C:\Users\DELL\.m2\repository\org\codehaus\mojo\animal-sniffer-annotations\1.14\animal-sniffer-annotations-1.14.jar;C:\Users\DELL\.m2\repository\com\squareup\okhttp3\okhttp\3.11.0\okhttp-3.11.0.jar;C:\Users\DELL\.m2\repository\com\squareup\okio\okio\1.14.0\okio-1.14.0.jar;C:\Users\DELL\.m2\repository\org\testng\testng\6.14.3\testng-6.14.3.jar;C:\Users\DELL\.m2\repository\com\beust\jcommander\1.72\jcommander-1.72.jar;C:\Users\DELL\.m2\repository\org\apache-extras\beanshell\bsh\2.0b6\bsh-2.0b6.jar;C:\Users\DELL\.m2\repository\io\github\bonigarcia\webdrivermanager\3.0.0\webdrivermanager-3.0.0.jar;C:\Users\DELL\.m2\repository\org\slf4j\slf4j-api\1.7.25\slf4j-api-1.7.25.jar;C:\Users\DELL\.m2\repository\commons-io\commons-io\2.6\commons-io-2.6.jar;C:\Users\DELL\.m2\repository\org\apache\commons\commons-lang3\3.7\commons-lang3-3.7.jar;C:\Users\DELL\.m2\repository\org\apache\httpcomponents\httpclient\4.5.5\httpclient-4.5.5.jar;C:\Users\DELL\.m2\repository\org\apache\httpcomponents\httpcore\4.4.9\httpcore-4.4.9.jar;C:\Users\DELL\.m2\repository\commons-logging\commons-logging\1.2\commons-logging-1.2.jar;C:\Users\DELL\.m2\repository\org\rauschig\jarchivelib\0.8.0\jarchivelib-0.8.0.jar;C:\Users\DELL\.m2\repository\org\apache\commons\commons-compress\1.14\commons-compress-1.14.jar;C:\Users\DELL\.m2\repository\org\jsoup\jsoup\1.11.3\jsoup-1.11.3.jar;C:\Users\DELL\.m2\repository\com\aventstack\extentreports\4.0.6\extentreports-4.0.6.jar;C:\Users\DELL\.m2\repository\org\freemarker\freemarker\2.3.23\freemarker-2.3.23.jar;C:\Users\DELL\.m2\repository\org\mongodb\mongodb-driver\3.3.0\mongodb-driver-3.3.0.jar;C:\Users\DELL\.m2\repository\org\mongodb\mongodb-driver-core\3.3.0\mongodb-driver-core-3.3.0.jar;C:\Users\DELL\.m2\repository\org\mongodb\bson\3.3.0\bson-3.3.0.jar;C:\Users\DELL\.m2\repository\org\apache\httpcomponents\httpmime\4.5.2\httpmime-4.5.2.jar;C:\Users\DELL\.m2\repository\com\github\javafaker\javafaker\0.17.2\javafaker-0.17.2.jar;C:\Users\DELL\.m2\repository\org\yaml\snakeyaml\1.23\snakeyaml-1.23-android.jar;C:\Users\DELL\.m2\repository\com\github\mifmif\generex\1.0.2\generex-1.0.2.jar;C:\Users\DELL\.m2\repository\dk\brics\automaton\automaton\1.11-8\automaton-1.11-8.jar;C:\Users\DELL\.m2\repository\org\apache\commons\commons-email\1.5\commons-email-1.5.jar;C:\Users\DELL\.m2\repository\com\sun\mail\javax.mail\1.5.6\javax.mail-1.5.6.jar;C:\Users\DELL\.m2\repository\javax\activation\activation\1.1\activation-1.1.jar;C:\Users\DELL\.m2\repository\io\rest-assured\rest-assured\3.3.0\rest-assured-3.3.0.jar;C:\Users\DELL\.m2\repository\org\codehaus\groovy\groovy\2.4.15\groovy-2.4.15.jar;C:\Users\DELL\.m2\repository\org\codehaus\groovy\groovy-xml\2.4.15\groovy-xml-2.4.15.jar;C:\Users\DELL\.m2\repository\org\hamcrest\hamcrest-core\1.3\hamcrest-core-1.3.jar;C:\Users\DELL\.m2\repository\org\hamcrest\hamcrest-library\1.3\hamcrest-library-1.3.jar;C:\Users\DELL\.m2\repository\org\ccil\cowan\tagsoup\tagsoup\1.2.1\tagsoup-1.2.1.jar;C:\Users\DELL\.m2\repository\io\rest-assured\json-path\3.3.0\json-path-3.3.0.jar;C:\Users\DELL\.m2\repository\org\codehaus\groovy\groovy-json\2.4.15\groovy-json-2.4.15.jar;C:\Users\DELL\.m2\repository\io\rest-assured\rest-assured-common\3.3.0\rest-assured-common-3.3.0.jar;C:\Users\DELL\.m2\repository\io\rest-assured\xml-path\3.3.0\xml-path-3.3.0.jar;C:\Users\DELL\.m2\repository\javax\xml\bind\jaxb-api\2.2.12\jaxb-api-2.2.12.jar;C:\Users\DELL\.m2\repository\com\sun\xml\bind\jaxb-osgi\2.2.10\jaxb-osgi-2.2.10.jar;C:\Users\DELL\.m2\repository\org\apache\sling\org.apache.sling.javax.activation\0.1.0\org.apache.sling.javax.activation-0.1.0.jar;C:\Users\DELL\.m2\repository\com\googlecode\json-simple\json-simple\1.1.1\json-simple-1.1.1.jar;C:\Users\DELL\.m2\repository\junit\junit\4.10\junit-4.10.jar;C:\Users\DELL\.m2\repository\com\jayway\jsonpath\json-path\2.4.0\json-path-2.4.0.jar;C:\Users\DELL\.m2\repository\net\minidev\json-smart\2.3\json-smart-2.3.jar;C:\Users\DELL\.m2\repository\net\minidev\accessors-smart\1.2\accessors-smart-1.2.jar;C:\Users\DELL\.m2\repository\org\ow2\asm\asm\5.0.4\asm-5.0.4.jar;C:\Users\DELL\.m2\repository\com\auth0\java-jwt\3.7.0\java-jwt-3.7.0.jar;C:\Users\DELL\.m2\repository\commons-codec\commons-codec\1.11\commons-codec-1.11.jar;C:\Users\DELL\.m2\repository\com\google\code\gson\gson\2.8.5\gson-2.8.5.jar;C:\Users\DELL\.m2\repository\com\fasterxml\jackson\core\jackson-databind\2.9.8\jackson-databind-2.9.8.jar;C:\Users\DELL\.m2\repository\com\fasterxml\jackson\core\jackson-annotations\2.9.0\jackson-annotations-2.9.0.jar;C:\Users\DELL\.m2\repository\com\fasterxml\jackson\core\jackson-core\2.9.8\jackson-core-2.9.8.jar;C:\Users\DELL\.m2\repository\org\postgresql\postgresql\42.2.5\postgresql-42.2.5.jar;C:\Users\DELL\.m2\repository\org\apache\logging\log4j\log4j-api\2.11.2\log4j-api-2.11.2.jar;C:\Users\DELL\.m2\repository\org\apache\logging\log4j\log4j-core\2.11.2\log4j-core-2.11.2.jar;C:\Users\DELL\.m2\repository\oracle\ojdbc6\11.2.0.3\ojdbc6-11.2.0.3.jar;C:\Users\DELL\.m2\repository\mysql\mysql-connector-java\8.0.16\mysql-connector-java-8.0.16.jar;C:\Users\DELL\.m2\repository\com\google\protobuf\protobuf-java\3.6.1\protobuf-java-3.6.1.jar;C:\Users\DELL\.m2\repository\org\json\json\20180813\json-20180813.jar;C:\Users\DELL\.m2\repository\org\apache\maven\surefire\surefire-testng-utils\2.21.0\surefire-testng-utils-2.21.0.jar;C:\Users\DELL\.m2\repository\org\apache\maven\surefire\surefire-grouper\2.21.0\surefire-grouper-2.21.0.jar;"/>
    <property name="java.vm.vendor" value="Oracle Corporation"/>
    <property name="sun.arch.data.model" value="64"/>
    <property name="user.variant" value=""/>
    <property name="java.vendor.url" value="http://java.oracle.com/"/>
    <property name="user.timezone" value=""/>
    <property name="java.vm.specification.version" value="1.8"/>
    <property name="os.name" value="Windows 10"/>
    <property name="user.country" value="US"/>
    <property name="sun.java.launcher" value="SUN_STANDARD"/>
    <property name="sun.boot.library.path" value="C:\Program Files\Java\jdk1.8.0_201\jre\bin"/>
    <property name="sun.java.command" value="C:\Users\DELL\AppData\Local\Temp\surefire1699365963851534224\surefirebooter4940805754877590790.jar C:\Users\DELL\AppData\Local\Temp\surefire1699365963851534224 2019-05-18T19-18-55_328-jvmRun1 surefire3010016916654110893tmp surefire_01140590137246732802tmp"/>
    <property name="surefire.test.class.path" value="C:\Users\DELL\eclipse-workspace\AutomationPractice\target\test-classes;C:\Users\DELL\eclipse-workspace\AutomationPractice\target\classes;C:\Users\DELL\.m2\repository\org\seleniumhq\selenium\selenium-java\3.141.59\selenium-java-3.141.59.jar;C:\Users\DELL\.m2\repository\org\seleniumhq\selenium\selenium-api\3.141.59\selenium-api-3.141.59.jar;C:\Users\DELL\.m2\repository\org\seleniumhq\selenium\selenium-chrome-driver\3.141.59\selenium-chrome-driver-3.141.59.jar;C:\Users\DELL\.m2\repository\org\seleniumhq\selenium\selenium-edge-driver\3.141.59\selenium-edge-driver-3.141.59.jar;C:\Users\DELL\.m2\repository\org\seleniumhq\selenium\selenium-firefox-driver\3.141.59\selenium-firefox-driver-3.141.59.jar;C:\Users\DELL\.m2\repository\org\seleniumhq\selenium\selenium-ie-driver\3.141.59\selenium-ie-driver-3.141.59.jar;C:\Users\DELL\.m2\repository\org\seleniumhq\selenium\selenium-opera-driver\3.141.59\selenium-opera-driver-3.141.59.jar;C:\Users\DELL\.m2\repository\org\seleniumhq\selenium\selenium-remote-driver\3.141.59\selenium-remote-driver-3.141.59.jar;C:\Users\DELL\.m2\repository\org\seleniumhq\selenium\selenium-safari-driver\3.141.59\selenium-safari-driver-3.141.59.jar;C:\Users\DELL\.m2\repository\org\seleniumhq\selenium\selenium-support\3.141.59\selenium-support-3.141.59.jar;C:\Users\DELL\.m2\repository\net\bytebuddy\byte-buddy\1.8.15\byte-buddy-1.8.15.jar;C:\Users\DELL\.m2\repository\org\apache\commons\commons-exec\1.3\commons-exec-1.3.jar;C:\Users\DELL\.m2\repository\com\google\guava\guava\25.0-jre\guava-25.0-jre.jar;C:\Users\DELL\.m2\repository\com\google\code\findbugs\jsr305\1.3.9\jsr305-1.3.9.jar;C:\Users\DELL\.m2\repository\org\checkerframework\checker-compat-qual\2.0.0\checker-compat-qual-2.0.0.jar;C:\Users\DELL\.m2\repository\com\google\errorprone\error_prone_annotations\2.1.3\error_prone_annotations-2.1.3.jar;C:\Users\DELL\.m2\repository\com\google\j2objc\j2objc-annotations\1.1\j2objc-annotations-1.1.jar;C:\Users\DELL\.m2\repository\org\codehaus\mojo\animal-sniffer-annotations\1.14\animal-sniffer-annotations-1.14.jar;C:\Users\DELL\.m2\repository\com\squareup\okhttp3\okhttp\3.11.0\okhttp-3.11.0.jar;C:\Users\DELL\.m2\repository\com\squareup\okio\okio\1.14.0\okio-1.14.0.jar;C:\Users\DELL\.m2\repository\org\testng\testng\6.14.3\testng-6.14.3.jar;C:\Users\DELL\.m2\repository\com\beust\jcommander\1.72\jcommander-1.72.jar;C:\Users\DELL\.m2\repository\org\apache-extras\beanshell\bsh\2.0b6\bsh-2.0b6.jar;C:\Users\DELL\.m2\repository\io\github\bonigarcia\webdrivermanager\3.0.0\webdrivermanager-3.0.0.jar;C:\Users\DELL\.m2\repository\org\slf4j\slf4j-api\1.7.25\slf4j-api-1.7.25.jar;C:\Users\DELL\.m2\repository\commons-io\commons-io\2.6\commons-io-2.6.jar;C:\Users\DELL\.m2\repository\org\apache\commons\commons-lang3\3.7\commons-lang3-3.7.jar;C:\Users\DELL\.m2\repository\org\apache\httpcomponents\httpclient\4.5.5\httpclient-4.5.5.jar;C:\Users\DELL\.m2\repository\org\apache\httpcomponents\httpcore\4.4.9\httpcore-4.4.9.jar;C:\Users\DELL\.m2\repository\commons-logging\commons-logging\1.2\commons-logging-1.2.jar;C:\Users\DELL\.m2\repository\org\rauschig\jarchivelib\0.8.0\jarchivelib-0.8.0.jar;C:\Users\DELL\.m2\repository\org\apache\commons\commons-compress\1.14\commons-compress-1.14.jar;C:\Users\DELL\.m2\repository\org\jsoup\jsoup\1.11.3\jsoup-1.11.3.jar;C:\Users\DELL\.m2\repository\com\aventstack\extentreports\4.0.6\extentreports-4.0.6.jar;C:\Users\DELL\.m2\repository\org\freemarker\freemarker\2.3.23\freemarker-2.3.23.jar;C:\Users\DELL\.m2\repository\org\mongodb\mongodb-driver\3.3.0\mongodb-driver-3.3.0.jar;C:\Users\DELL\.m2\repository\org\mongodb\mongodb-driver-core\3.3.0\mongodb-driver-core-3.3.0.jar;C:\Users\DELL\.m2\repository\org\mongodb\bson\3.3.0\bson-3.3.0.jar;C:\Users\DELL\.m2\repository\org\apache\httpcomponents\httpmime\4.5.2\httpmime-4.5.2.jar;C:\Users\DELL\.m2\repository\com\github\javafaker\javafaker\0.17.2\javafaker-0.17.2.jar;C:\Users\DELL\.m2\repository\org\yaml\snakeyaml\1.23\snakeyaml-1.23-android.jar;C:\Users\DELL\.m2\repository\com\github\mifmif\generex\1.0.2\generex-1.0.2.jar;C:\Users\DELL\.m2\repository\dk\brics\automaton\automaton\1.11-8\automaton-1.11-8.jar;C:\Users\DELL\.m2\repository\org\apache\commons\commons-email\1.5\commons-email-1.5.jar;C:\Users\DELL\.m2\repository\com\sun\mail\javax.mail\1.5.6\javax.mail-1.5.6.jar;C:\Users\DELL\.m2\repository\javax\activation\activation\1.1\activation-1.1.jar;C:\Users\DELL\.m2\repository\io\rest-assured\rest-assured\3.3.0\rest-assured-3.3.0.jar;C:\Users\DELL\.m2\repository\org\codehaus\groovy\groovy\2.4.15\groovy-2.4.15.jar;C:\Users\DELL\.m2\repository\org\codehaus\groovy\groovy-xml\2.4.15\groovy-xml-2.4.15.jar;C:\Users\DELL\.m2\repository\org\hamcrest\hamcrest-core\1.3\hamcrest-core-1.3.jar;C:\Users\DELL\.m2\repository\org\hamcrest\hamcrest-library\1.3\hamcrest-library-1.3.jar;C:\Users\DELL\.m2\repository\org\ccil\cowan\tagsoup\tagsoup\1.2.1\tagsoup-1.2.1.jar;C:\Users\DELL\.m2\repository\io\rest-assured\json-path\3.3.0\json-path-3.3.0.jar;C:\Users\DELL\.m2\repository\org\codehaus\groovy\groovy-json\2.4.15\groovy-json-2.4.15.jar;C:\Users\DELL\.m2\repository\io\rest-assured\rest-assured-common\3.3.0\rest-assured-common-3.3.0.jar;C:\Users\DELL\.m2\repository\io\rest-assured\xml-path\3.3.0\xml-path-3.3.0.jar;C:\Users\DELL\.m2\repository\javax\xml\bind\jaxb-api\2.2.12\jaxb-api-2.2.12.jar;C:\Users\DELL\.m2\repository\com\sun\xml\bind\jaxb-osgi\2.2.10\jaxb-osgi-2.2.10.jar;C:\Users\DELL\.m2\repository\org\apache\sling\org.apache.sling.javax.activation\0.1.0\org.apache.sling.javax.activation-0.1.0.jar;C:\Users\DELL\.m2\repository\com\googlecode\json-simple\json-simple\1.1.1\json-simple-1.1.1.jar;C:\Users\DELL\.m2\repository\junit\junit\4.10\junit-4.10.jar;C:\Users\DELL\.m2\repository\com\jayway\jsonpath\json-path\2.4.0\json-path-2.4.0.jar;C:\Users\DELL\.m2\repository\net\minidev\json-smart\2.3\json-smart-2.3.jar;C:\Users\DELL\.m2\repository\net\minidev\accessors-smart\1.2\accessors-smart-1.2.jar;C:\Users\DELL\.m2\repository\org\ow2\asm\asm\5.0.4\asm-5.0.4.jar;C:\Users\DELL\.m2\repository\com\auth0\java-jwt\3.7.0\java-jwt-3.7.0.jar;C:\Users\DELL\.m2\repository\commons-codec\commons-codec\1.11\commons-codec-1.11.jar;C:\Users\DELL\.m2\repository\com\google\code\gson\gson\2.8.5\gson-2.8.5.jar;C:\Users\DELL\.m2\repository\com\fasterxml\jackson\core\jackson-databind\2.9.8\jackson-databind-2.9.8.jar;C:\Users\DELL\.m2\repository\com\fasterxml\jackson\core\jackson-annotations\2.9.0\jackson-annotations-2.9.0.jar;C:\Users\DELL\.m2\repository\com\fasterxml\jackson\core\jackson-core\2.9.8\jackson-core-2.9.8.jar;C:\Users\DELL\.m2\repository\org\postgresql\postgresql\42.2.5\postgresql-42.2.5.jar;C:\Users\DELL\.m2\repository\org\apache\logging\log4j\log4j-api\2.11.2\log4j-api-2.11.2.jar;C:\Users\DELL\.m2\repository\org\apache\logging\log4j\log4j-core\2.11.2\log4j-core-2.11.2.jar;C:\Users\DELL\.m2\repository\oracle\ojdbc6\11.2.0.3\ojdbc6-11.2.0.3.jar;C:\Users\DELL\.m2\repository\mysql\mysql-connector-java\8.0.16\mysql-connector-java-8.0.16.jar;C:\Users\DELL\.m2\repository\com\google\protobuf\protobuf-java\3.6.1\protobuf-java-3.6.1.jar;C:\Users\DELL\.m2\repository\org\json\json\20180813\json-20180813.jar;C:\Users\DELL\.m2\repository\org\apache\maven\surefire\surefire-testng-utils\2.21.0\surefire-testng-utils-2.21.0.jar;C:\Users\DELL\.m2\repository\org\apache\maven\surefire\surefire-grouper\2.21.0\surefire-grouper-2.21.0.jar;"/>
    <property name="sun.cpu.endian" value="little"/>
    <property name="user.home" value="C:\Users\DELL"/>
    <property name="user.language" value="en"/>
    <property name="java.specification.vendor" value="Oracle Corporation"/>
    <property name="java.home" value="C:\Program Files\Java\jdk1.8.0_201\jre"/>
    <property name="basedir" value="C:\Users\DELL\eclipse-workspace\AutomationPractice"/>
    <property name="file.separator" value="\"/>
    <property name="line.separator" value="&#10;"/>
    <property name="java.vm.specification.vendor" value="Oracle Corporation"/>
    <property name="java.specification.name" value="Java Platform API Specification"/>
    <property name="java.awt.graphicsenv" value="sun.awt.Win32GraphicsEnvironment"/>
    <property name="surefire.real.class.path" value="C:\Users\DELL\AppData\Local\Temp\surefire1699365963851534224\surefirebooter4940805754877590790.jar"/>
    <property name="sun.boot.class.path" value="C:\Program Files\Java\jdk1.8.0_201\jre\lib\resources.jar;C:\Program Files\Java\jdk1.8.0_201\jre\lib\rt.jar;C:\Program Files\Java\jdk1.8.0_201\jre\lib\sunrsasign.jar;C:\Program Files\Java\jdk1.8.0_201\jre\lib\jsse.jar;C:\Program Files\Java\jdk1.8.0_201\jre\lib\jce.jar;C:\Program Files\Java\jdk1.8.0_201\jre\lib\charsets.jar;C:\Program Files\Java\jdk1.8.0_201\jre\lib\jfr.jar;C:\Program Files\Java\jdk1.8.0_201\jre\classes"/>
    <property name="user.script" value=""/>
    <property name="sun.management.compiler" value="HotSpot 64-Bit Tiered Compilers"/>
    <property name="java.runtime.version" value="1.8.0_201-b09"/>
    <property name="user.name" value="DELL"/>
    <property name="path.separator" value=";"/>
    <property name="os.version" value="10.0"/>
    <property name="java.endorsed.dirs" value="C:\Program Files\Java\jdk1.8.0_201\jre\lib\endorsed"/>
    <property name="java.runtime.name" value="Java(TM) SE Runtime Environment"/>
    <property name="file.encoding" value="Cp1252"/>
    <property name="java.vm.name" value="Java HotSpot(TM) 64-Bit Server VM"/>
    <property name="localRepository" value="C:\Users\DELL\.m2\repository"/>
    <property name="java.vendor.url.bug" value="http://bugreport.sun.com/bugreport/"/>
    <property name="java.io.tmpdir" value="C:\Users\DELL\AppData\Local\Temp\"/>
    <property name="java.version" value="1.8.0_201"/>
    <property name="user.dir" value="C:\Users\DELL\eclipse-workspace\AutomationPractice"/>
    <property name="os.arch" value="amd64"/>
    <property name="java.vm.specification.name" value="Java Virtual Machine Specification"/>
    <property name="java.awt.printerjob" value="sun.awt.windows.WPrinterJob"/>
    <property name="sun.os.patch.level" value=""/>
    <property name="java.library.path" value="C:\Program Files\Java\jdk1.8.0_201\jre\bin;C:\WINDOWS\Sun\Java\bin;C:\WINDOWS\system32;C:\WINDOWS;C:\Program Files (x86)\Scripts\;C:\Program Files (x86)\;C:\Program Files (x86)\Common Files\Oracle\Java\javapath;C:\WINDOWS\system32;C:\WINDOWS;C:\WINDOWS\System32\Wbem;C:\WINDOWS\System32\WindowsPowerShell\v1.0\;C:\WINDOWS\System32\OpenSSH\;C:\Program Files\Java\jdk1.8.0_201\bin;C:\Maven\apache-maven-3.6.0\bin;C:\Selenium Dependencies\Drivers;C:\Program Files\Git\cmd;C:\Program Files (x86)\Python;C:\Program Files (x86)\Python\Scripts;C:\Program Files\nodejs\;C:\Users\DELL\AppData\Local\Microsoft\WindowsApps;C:\Program Files\JetBrains\IntelliJ IDEA Community Edition 2018.3\bin;C:\Users\DELL\AppData\Local\GitHubDesktop\bin;C:\Users\DELL\AppData\Local\atom\bin;;C:\Program Files\JetBrains\PyCharm Community Edition 2019.1\bin;;C:\Users\DELL\AppData\Roaming\npm;."/>
    <property name="java.vm.info" value="mixed mode"/>
    <property name="java.vendor" value="Oracle Corporation"/>
    <property name="java.vm.version" value="25.201-b09"/>
    <property name="java.ext.dirs" value="C:\Program Files\Java\jdk1.8.0_201\jre\lib\ext;C:\WINDOWS\Sun\Java\lib\ext"/>
    <property name="sun.io.unicode.encoding" value="UnicodeLittle"/>
    <property name="java.class.version" value="52.0"/>
  </properties>
  <testcase name="testAPIData1" classname="APIReview.GetAPIData" time="2.266"/>
  <testcase name="testAPIData2" classname="APIReview.GetAPIData" time="1.414"/>
  <testcase name="userNamePasswordTest" classname="APIReview.LoginDemo" time="0.325"/>
  <testcase name="deletePost" classname="APIReview.WP1_API_Posts" time="0.759">
    <failure message="1 expectation failed.&#10;Expected status code &lt;200&gt; but was &lt;404&gt;.&#10;" type="java.lang.AssertionError"><![CDATA[java.lang.AssertionError: 
1 expectation failed.
Expected status code <200> but was <404>.

	at APIReview.WP1_API_Posts.deletePost(WP1_API_Posts.java:94)
]]></failure>
    <system-out><![CDATA[HTTP/1.1 404 Not Found
Date: Sun, 19 May 2019 00:19:02 GMT
Server: Apache/2.4.29 (Win32) OpenSSL/1.0.2n PHP/7.1.13
X-Powered-By: PHP/7.1.13
X-Robots-Tag: noindex
Link: <https://avanalitekin.dev.cc/wp-json/>; rel="https://api.w.org/"
X-Content-Type-Options: nosniff
Access-Control-Expose-Headers: X-WP-Total, X-WP-TotalPages
Access-Control-Allow-Headers: Authorization, Content-Type
Expires: Wed, 11 Jan 1984 05:00:00 GMT
Cache-Control: no-cache, must-revalidate, max-age=0
Content-Length: 82
Keep-Alive: timeout=5, max=100
Connection: Keep-Alive
Content-Type: application/json; charset=UTF-8

{
    "code": "rest_post_invalid_id",
    "message": "Invalid post ID.",
    "data": {
        "status": 404
    }
}
]]></system-out>
  </testcase>
  <testcase name="getPostSatusTest" classname="APIReview.WP1_API_Posts" time="0.515"/>
  <testcase name="ifValidationFailsTest" classname="APIReview.WP1_API_Posts" time="0.95">
    <failure message="1 expectation failed.&#10;JSON path id doesn&apos;t match.&#10;Expected: a collection containing &lt;39&gt;&#10;  Actual: [42]&#10;" type="java.lang.AssertionError"><![CDATA[java.lang.AssertionError: 
1 expectation failed.
JSON path id doesn't match.
Expected: a collection containing <39>
  Actual: [42]

	at APIReview.WP1_API_Posts.ifValidationFailsTest(WP1_API_Posts.java:56)
]]></failure>
    <system-out><![CDATA[HTTP/1.1 200 OK
Date: Sun, 19 May 2019 00:19:03 GMT
Server: Apache/2.4.29 (Win32) OpenSSL/1.0.2n PHP/7.1.13
X-Powered-By: PHP/7.1.13
X-Robots-Tag: noindex
Link: <https://avanalitekin.dev.cc/wp-json/wp/v2/posts?per_page=1&page=2>; rel="next"
X-Content-Type-Options: nosniff
Access-Control-Expose-Headers: X-WP-Total, X-WP-TotalPages
Access-Control-Allow-Headers: Authorization, Content-Type
X-WP-Total: 15
X-WP-TotalPages: 15
Allow: GET
Content-Length: 1734
Keep-Alive: timeout=5, max=100
Connection: Keep-Alive
Content-Type: application/json; charset=UTF-8

[
    {
        "id": 42,
        "date": "2019-05-19T00:16:55",
        "date_gmt": "2019-05-19T00:16:55",
        "guid": {
            "rendered": "https://avanalitekin.dev.cc/2019/05/19/automation-post-7/"
        },
        "modified": "2019-05-19T00:16:55",
        "modified_gmt": "2019-05-19T00:16:55",
        "slug": "automation-post-7",
        "status": "publish",
        "type": "post",
        "link": "https://avanalitekin.dev.cc/2019/05/19/automation-post-7/",
        "title": {
            "rendered": "Automation post"
        },
        "content": {
            "rendered": "<p>this post is sent from automation framework</p>\n",
            "protected": false
        },
        "excerpt": {
            "rendered": "<p>this post is sent from automation framework</p>\n",
            "protected": false
        },
        "author": 1,
        "featured_media": 0,
        "comment_status": "open",
        "ping_status": "open",
        "sticky": false,
        "template": "",
        "format": "standard",
        "meta": [
            
        ],
        "categories": [
            1
        ],
        "tags": [
            
        ],
        "_links": {
            "self": [
                {
                    "href": "https://avanalitekin.dev.cc/wp-json/wp/v2/posts/42"
                }
            ],
            "collection": [
                {
                    "href": "https://avanalitekin.dev.cc/wp-json/wp/v2/posts"
                }
            ],
            "about": [
                {
                    "href": "https://avanalitekin.dev.cc/wp-json/wp/v2/types/post"
                }
            ],
            "author": [
                {
                    "embeddable": true,
                    "href": "https://avanalitekin.dev.cc/wp-json/wp/v2/users/1"
                }
            ],
            "replies": [
                {
                    "embeddable": true,
                    "href": "https://avanalitekin.dev.cc/wp-json/wp/v2/comments?post=42"
                }
            ],
            "version-history": [
                {
                    "count": 0,
                    "href": "https://avanalitekin.dev.cc/wp-json/wp/v2/posts/42/revisions"
                }
            ],
            "wp:attachment": [
                {
                    "href": "https://avanalitekin.dev.cc/wp-json/wp/v2/media?parent=42"
                }
            ],
            "wp:term": [
                {
                    "taxonomy": "category",
                    "embeddable": true,
                    "href": "https://avanalitekin.dev.cc/wp-json/wp/v2/categories?post=42"
                },
                {
                    "taxonomy": "post_tag",
                    "embeddable": true,
                    "href": "https://avanalitekin.dev.cc/wp-json/wp/v2/tags?post=42"
                }
            ],
            "curies": [
                {
                    "name": "wp",
                    "href": "https://api.w.org/{rel}",
                    "templated": true
                }
            ]
        }
    }
]
]]></system-out>
  </testcase>
  <testcase name="postTest" classname="APIReview.WP1_API_Posts" time="0.466"/>
  <testcase name="prettyPrintBody" classname="APIReview.WP1_API_Posts" time="3.664"/>
  <testcase name="putTest" classname="APIReview.WP1_API_Posts" time="0">
    <failure message="1 expectation failed.&#10;Expected status code &lt;200&gt; but was &lt;404&gt;.&#10;" type="java.lang.AssertionError"><![CDATA[java.lang.AssertionError: 
1 expectation failed.
Expected status code <200> but was <404>.

	at APIReview.WP1_API_Posts.putTest(WP1_API_Posts.java:82)
]]></failure>
  </testcase>
  <testcase name="testWithHamcrest" classname="APIReview.WP1_API_Posts" time="0"/>
  <testcase name="trashPost" classname="APIReview.WP1_API_Posts" time="0.051">
    <failure message="1 expectation failed.&#10;Expected status code &lt;200&gt; but was &lt;404&gt;.&#10;" type="java.lang.AssertionError"><![CDATA[java.lang.AssertionError: 
1 expectation failed.
Expected status code <200> but was <404>.

	at APIReview.WP1_API_Posts.trashPost(WP1_API_Posts.java:88)
]]></failure>
    <system-out><![CDATA[HTTP/1.1 404 Not Found
Date: Sun, 19 May 2019 00:19:06 GMT
Server: Apache/2.4.29 (Win32) OpenSSL/1.0.2n PHP/7.1.13
X-Powered-By: PHP/7.1.13
X-Robots-Tag: noindex
Link: <https://avanalitekin.dev.cc/wp-json/>; rel="https://api.w.org/"
X-Content-Type-Options: nosniff
Access-Control-Expose-Headers: X-WP-Total, X-WP-TotalPages
Access-Control-Allow-Headers: Authorization, Content-Type
Expires: Wed, 11 Jan 1984 05:00:00 GMT
Cache-Control: no-cache, must-revalidate, max-age=0
Content-Length: 82
Keep-Alive: timeout=5, max=100
Connection: Keep-Alive
Content-Type: application/json; charset=UTF-8

{
    "code": "rest_post_invalid_id",
    "message": "Invalid post ID.",
    "data": {
        "status": 404
    }
}
]]></system-out>
  </testcase>
  <testcase name="verifyBodyTest" classname="APIReview.WP1_API_Posts" time="0"/>
  <testcase name="convertXMLToJson" classname="APIReview.JsonConversion" time="0.003"/>
  <testcase name="matcherAssert_Matchers_Test" classname="APIReview.MatcherAssert_MatchersDemo" time="0"/>
  <testcase name="user_cannot_see_other_user_info" classname="APIReview.WP1_API_Users" time="0.065"/>
  <testcase name="driverInfo" classname="APIReview.JsonPathDemo" time="0.217"/>
  <testcase name="driverInfo2" classname="APIReview.JsonPathDemo" time="4.938"/>
  <testcase name="driverInfo3" classname="APIReview.JsonPathDemo" time="0.351"/>
  <testcase name="instructorAll" classname="APIReview.JsonPathDemo" time="2.534"/>
  <testcase name="instructorOne" classname="APIReview.JsonPathDemo" time="0.027"/>
  <testcase name="GAndOMTest1" classname="APIReview.PojoDemo_Person" time="0.017"/>
  <testcase name="GAndOMTest2" classname="APIReview.PojoDemo_Person" time="0.015"/>
  <testcase name="testWithAPI" classname="APIReview.PojoDemo_Person" time="0.069">
    <failure message="java.lang.IllegalStateException: Expected BEGIN_OBJECT but was STRING at line 1 column 1 path $" type="com.google.gson.JsonSyntaxException">com.google.gson.JsonSyntaxException: java.lang.IllegalStateException: Expected BEGIN_OBJECT but was STRING at line 1 column 1 path $
	at APIReview.PojoDemo_Person.testWithAPI(PojoDemo_Person.java:79)
Caused by: java.lang.IllegalStateException: Expected BEGIN_OBJECT but was STRING at line 1 column 1 path $
	at APIReview.PojoDemo_Person.testWithAPI(PojoDemo_Person.java:79)
</failure>
    <system-out><![CDATA[HTTP/1.1 404 Not Found
Date: Sun, 19 May 2019 00:19:14 GMT
Server: Apache
Content-Length: 326
Content-Type: text/html; charset=iso-8859-1

<html>
  <head>
    <title>404 Not Found</title>
  </head>
  <body>
    <h1>Not Found</h1>
    <p>The requested URL /api/wp/v2 was not found on this server.</p>
    <p>Additionally, a 404 Not Found
error was encountered while trying to use an ErrorDocument to handle the request.</p>
  </body>
</html>
jsonString <!DOCTYPE HTML PUBLIC "-//IETF//DTD HTML 2.0//EN">
<html><head>
<title>404 Not Found</title>
</head><body>
<h1>Not Found</h1>
<p>The requested URL /api/wp/v2 was not found on this server.</p>
<p>Additionally, a 404 Not Found
error was encountered while trying to use an ErrorDocument to handle the request.</p>
</body></html>

]]></system-out>
  </testcase>
  <testcase name="testWithQueryParam" classname="APIReview.PojoDemo_Person" time="0">
    <failure message="1 expectation failed.&#10;Expected status code &lt;200&gt; but was &lt;404&gt;.&#10;" type="java.lang.AssertionError"><![CDATA[java.lang.AssertionError: 
1 expectation failed.
Expected status code <200> but was <404>.

	at APIReview.PojoDemo_Person.testWithQueryParam(PojoDemo_Person.java:107)
]]></failure>
  </testcase>
  <testcase name="post_User_With_PojoClass" classname="APIReview.WP1_Map_Pojo_InsteadOfJsonPath" time="1.506"/>
  <testcase name="clusterAPITest" classname="APIReview.JsonPathDemoBookIt" time="0.286">
    <failure message="Failed to parse the JSON document" type="io.restassured.path.json.exception.JsonPathException">io.restassured.path.json.exception.JsonPathException: Failed to parse the JSON document
	at APIReview.JsonPathDemoBookIt.clusterAPITest(JsonPathDemoBookIt.java:61)
Caused by: groovy.json.JsonException: Lexing failed on line: 1, column: 1, while reading 'r', no possible valid JSON value or punctuation could be recognized.
	at APIReview.JsonPathDemoBookIt.clusterAPITest(JsonPathDemoBookIt.java:61)
</failure>
    <system-out><![CDATA[eyJhbGciOiJIUzI1NiJ9.eyJqdGkiOiIyMDY0IiwiYXVkIjoidGVhY2hlciJ9.japWZkmQ3ExAJA6HxXEMSm92h5ZfYARx1Ci8sSiLgzM
]]></system-out>
  </testcase>
  <testcase name="postTeam" classname="APIReview.JsonPathDemoBookIt" time="0.517">
    <failure message="1 expectation failed.&#10;Expected status code &lt;201&gt; but was &lt;404&gt;.&#10;" type="java.lang.AssertionError"><![CDATA[java.lang.AssertionError: 
1 expectation failed.
Expected status code <201> but was <404>.

	at APIReview.JsonPathDemoBookIt.postTeam(JsonPathDemoBookIt.java:120)
]]></failure>
    <system-out><![CDATA[Request method:	POST
Request URI:	https://cybertek-reservation-api-qa.herokuapp.com/wp-json/wp/v2/api/teams/team?campus-location=VA&batch-number=8&team-name=Illinois%20foes
Proxy:			<none>
Request params:	<none>
Query params:	campus-location=VA
				batch-number=8
				team-name=Illinois foes
Form params:	<none>
Path params:	<none>
Headers:		Authorization=eyJhbGciOiJIUzI1NiJ9.eyJqdGkiOiIyMDY0IiwiYXVkIjoidGVhY2hlciJ9.japWZkmQ3ExAJA6HxXEMSm92h5ZfYARx1Ci8sSiLgzM
				Accept=*/*
				Content-Type=application/x-www-form-urlencoded; charset=ISO-8859-1
Cookies:		<none>
Multiparts:		<none>
Body:			<none>
]]></system-out>
  </testcase>
  <testcase name="clusterAPITest" classname="APIReview.Pojo_Bookit_Clusters" time="0.32">
    <failure message="Unrecognized token &apos;requested&apos;: was expecting (&apos;true&apos;, &apos;false&apos; or &apos;null&apos;)&#10; at [Source: (String)&quot;requested %s resource was not found.&quot;; line: 1, column: 10]" type="com.fasterxml.jackson.core.JsonParseException">com.fasterxml.jackson.core.JsonParseException: 
Unrecognized token 'requested': was expecting ('true', 'false' or 'null')
 at [Source: (String)"requested %s resource was not found."; line: 1, column: 10]
	at APIReview.Pojo_Bookit_Clusters.clusterAPITest(Pojo_Bookit_Clusters.java:47)
</failure>
    <system-out><![CDATA[eyJhbGciOiJIUzI1NiJ9.eyJqdGkiOiIyMDY0IiwiYXVkIjoidGVhY2hlciJ9.japWZkmQ3ExAJA6HxXEMSm92h5ZfYARx1Ci8sSiLgzM
]]></system-out>
  </testcase>
  <testcase name="create_user_with_role" classname="APIReview.WPUtilityDemo" time="0.7"/>
  <testcase name="postStudent" classname="APIReview.JsonPathDemoBookIt" time="0">
    <skipped message="Method JsonPathDemoBookIt.postStudent()[pri:0, instance:APIReview.JsonPathDemoBookIt@2357d90a] depends on not successfully finished methods"/>
  </testcase>
  <testcase name="allInstructorTest" classname="APIReview.Pojo_Cybertek_Instructors" time="0.635"/>
  <testcase name="oneInstructorTest" classname="APIReview.Pojo_Cybertek_Instructors" time="0.009"/>
  <testcase name="jsonPayLoadTest" classname="APIReview.JsonPayloadExample" time="0.271">
    <failure message="1 expectation failed.&#10;Expected status code &lt;200&gt; but was &lt;404&gt;.&#10;" type="java.lang.AssertionError"><![CDATA[java.lang.AssertionError: 
1 expectation failed.
Expected status code <200> but was <404>.

	at APIReview.JsonPayloadExample.jsonPayLoadTest(JsonPayloadExample.java:40)
]]></failure>
  </testcase>
  <testcase name="allStudentsAPITest" classname="APIReview.Pojo_Cybertek_Students" time="0.562"/>
  <testcase name="oneStudentAPITest1" classname="APIReview.Pojo_Cybertek_Students" time="0.03"/>
  <testcase name="getToken" classname="APIReview.JWTAuthentication01" time="0.193"/>
  <testcase name="driverTestWithPojo" classname="APIReview.Pojo_JsonPathDemo_Drivers" time="0.609"/>
  <testcase name="driversTestWithJsonPath" classname="APIReview.Pojo_JsonPathDemo_Drivers" time="1.434"/>
  <testcase name="personTest" classname="APIReview.Pojo_JsonPathDemo_Drivers" time="0.009"/>
  <testcase name="testString" classname="APIReview.Pojo_JsonPathDemo_Drivers" time="0"/>
  <testcase name="agetCityNameTest" classname="APIReview.QueryParameterDemo" time="0.721"/>
  <testcase name="amountAndRegionTest" classname="APIReview.QueryParameterDemo" time="0.332"/>
  <testcase name="bgetRegionNameTest" classname="APIReview.QueryParameterDemo" time="0.737"/>
  <testcase name="cgetAmountAndRegionTest" classname="APIReview.QueryParameterDemo" time="0.662"/>
  <testcase name="dgetAmountAndRegionGenderTest" classname="APIReview.QueryParameterDemo" time="0.699"/>
  <testcase name="testBody" classname="APIReview.ResponseBodyVerification" time="0.382"/>
  <testcase name="testBody2" classname="APIReview.ResponseBodyVerification" time="0.33"/>
  <testcase name="testBody3" classname="APIReview.ResponseBodyVerification" time="0.344">
    <failure message="1 expectation failed.&#10;XML path region doesn&apos;t match.&#10;Expected: is &quot;Mexico&quot;&#10;  Actual: 404 Not FoundNot FoundThe requested URL /api/wp-json/jwt-auth/v1 was not found on this server.Additionally, a 404 Not Found&#10;error was encountered while trying to use an ErrorDocument to handle the request.&#10;" type="java.lang.AssertionError">java.lang.AssertionError: 
1 expectation failed.
XML path region doesn't match.
Expected: is "Mexico"
  Actual: 404 Not FoundNot FoundThe requested URL /api/wp-json/jwt-auth/v1 was not found on this server.Additionally, a 404 Not Found
error was encountered while trying to use an ErrorDocument to handle the request.

	at APIReview.ResponseBodyVerification.testBody3(ResponseBodyVerification.java:50)
</failure>
    <system-out><![CDATA[Request URI:	https://uinames.com/api/wp-json/jwt-auth/v1?region=Mexico
]]></system-out>
  </testcase>
  <testcase name="verifyNumberOfResults" classname="APIReview.ResponseBodyVerification" time="0.331">
    <failure message="1 expectation failed.&#10;XML path $ doesn&apos;t match.&#10;Expected: a collection with size &lt;2&gt;&#10;  Actual: 404 Not FoundNot FoundThe requested URL /api/wp-json/jwt-auth/v1 was not found on this server.Additionally, a 404 Not Found&#10;error was encountered while trying to use an ErrorDocument to handle the request.&#10;" type="java.lang.AssertionError"><![CDATA[java.lang.AssertionError: 
1 expectation failed.
XML path $ doesn't match.
Expected: a collection with size <2>
  Actual: 404 Not FoundNot FoundThe requested URL /api/wp-json/jwt-auth/v1 was not found on this server.Additionally, a 404 Not Found
error was encountered while trying to use an ErrorDocument to handle the request.

	at APIReview.ResponseBodyVerification.verifyNumberOfResults(ResponseBodyVerification.java:65)
]]></failure>
    <system-out><![CDATA[Request URI:	https://uinames.com/api/wp-json/jwt-auth/v1?amount=2
]]></system-out>
  </testcase>
  <testcase name="getWP1PostsTests" classname="APIReview.ResponseManipulation" time="0.787"/>
  <testcase name="logginTest" classname="APIReview.RestAssuredLoggingDemo" time="3.813"/>
  <testcase name="testOK" classname="APIReview.StatusCodeValidation" time="0.401">
    <failure message="1 expectation failed.&#10;Expected status code &lt;200&gt; but was &lt;404&gt;.&#10;" type="java.lang.AssertionError"><![CDATA[java.lang.AssertionError: 
1 expectation failed.
Expected status code <200> but was <404>.

	at APIReview.StatusCodeValidation.testOK(StatusCodeValidation.java:23)
]]></failure>
    <system-out><![CDATA[Request method:	GET
Request URI:	https://uinames.com/api/wp-json/wp/v2/
Proxy:			<none>
Request params:	<none>
Query params:	<none>
Form params:	<none>
Path params:	<none>
Headers:		Accept=*/*
Cookies:		<none>
Multiparts:		<none>
Body:			<none>
HTTP/1.1 404 Not Found
Date: Sun, 19 May 2019 00:19:35 GMT
Server: Apache
Content-Length: 335
Content-Type: text/html; charset=iso-8859-1

<html>
  <head>
    <title>404 Not Found</title>
  </head>
  <body>
    <h1>Not Found</h1>
    <p>The requested URL /api/wp-json/wp/v2/ was not found on this server.</p>
    <p>Additionally, a 404 Not Found
error was encountered while trying to use an ErrorDocument to handle the request.</p>
  </body>
</html>
]]></system-out>
  </testcase>
  <testcase name="coursesModulesTest" classname="APIReview.JWTAuthenticationOnCybertek" time="0.929"/>
  <testcase name="postPostsWithToken" classname="APIReview.JWTAuthentication01" time="0.762"/>
  <testcase name="update_user" classname="APIReview.WPUtilityDemo" time="0.908">
    <failure message="1 expectation failed.&#10;Expected status code &lt;200&gt; but was &lt;403&gt;.&#10;" type="java.lang.AssertionError"><![CDATA[java.lang.AssertionError: 
1 expectation failed.
Expected status code <200> but was <403>.

	at APIReview.WPUtilityDemo.update_user(WPUtilityDemo.java:33)
]]></failure>
    <system-out><![CDATA[Request method:	PUT
Request URI:	https://www.avanalitekin-api-testing.dev.cc/wp-json/wp/v2/users/111
Proxy:			<none>
Request params:	<none>
Query params:	<none>
Form params:	<none>
Path params:	id=111
Headers:		Authorization=Basic YXZhbmFsaXRla2luOjNtZXJzdWxl
				Accept=*/*
				Content-Type=application/json; charset=UTF-8
Cookies:		<none>
Multiparts:		<none>
Body:
{
    "name": "micah.smith",
    "first_name": "micah.smith",
    "last_name": "micah.smith",
    "email": "micah.smith@micah.smith.com",
    "roles": "editor",
    "password": "micah.smith"
}
HTTP/1.1 403 Forbidden
Date: Sun, 19 May 2019 00:19:38 GMT
Server: Apache/2.4.29 (Win32) OpenSSL/1.0.2n PHP/7.1.13
X-Powered-By: PHP/7.1.13
Access-Control-Allow-Headers: Authorization, Content-Type
X-Robots-Tag: noindex
Link: <https://www.avanalitekin-api-testing.dev.cc/wp-json/>; rel="https://api.w.org/"
X-Content-Type-Options: nosniff
Access-Control-Expose-Headers: X-WP-Total, X-WP-TotalPages
Expires: Wed, 11 Jan 1984 05:00:00 GMT
Cache-Control: no-cache, must-revalidate, max-age=0
Content-Length: 101
Keep-Alive: timeout=5, max=100
Connection: Keep-Alive
Content-Type: application/json; charset=UTF-8

{
    "code": "jwt_auth_bad_auth_header",
    "message": "Authorization header malformed.",
    "data": {
        "status": 403
    }
}
]]></system-out>
  </testcase>
  <testcase name="postUserWithJWT" classname="APIReview.JWTAuthentication01" time="0.606"/>
  <testcase name="delete_user" classname="APIReview.WPUtilityDemo" time="0.422">
    <failure message="1 expectation failed.&#10;Expected status code &lt;200&gt; but was &lt;403&gt;.&#10;" type="java.lang.AssertionError"><![CDATA[java.lang.AssertionError: 
1 expectation failed.
Expected status code <200> but was <403>.

	at APIReview.WPUtilityDemo.delete_user(WPUtilityDemo.java:38)
]]></failure>
    <system-out><![CDATA[Request method:	DELETE
Request URI:	https://www.avanalitekin-api-testing.dev.cc/wp-json/wp/v2/users/111?reassign=1&force=true
Proxy:			<none>
Request params:	reassign=1
Query params:	force=true
Form params:	<none>
Path params:	id=111
Headers:		Authorization=Basic YXZhbmFsaXRla2luOjNtZXJzdWxl
				Accept=*/*
Cookies:		<none>
Multiparts:		<none>
Body:			<none>
HTTP/1.1 403 Forbidden
Date: Sun, 19 May 2019 00:19:40 GMT
Server: Apache/2.4.29 (Win32) OpenSSL/1.0.2n PHP/7.1.13
X-Powered-By: PHP/7.1.13
Access-Control-Allow-Headers: Authorization, Content-Type
X-Robots-Tag: noindex
Link: <https://www.avanalitekin-api-testing.dev.cc/wp-json/>; rel="https://api.w.org/"
X-Content-Type-Options: nosniff
Access-Control-Expose-Headers: X-WP-Total, X-WP-TotalPages
Expires: Wed, 11 Jan 1984 05:00:00 GMT
Cache-Control: no-cache, must-revalidate, max-age=0
Content-Length: 101
Keep-Alive: timeout=5, max=100
Connection: Keep-Alive
Content-Type: application/json; charset=UTF-8

{
    "code": "jwt_auth_bad_auth_header",
    "message": "Authorization header malformed.",
    "data": {
        "status": 403
    }
}
]]></system-out>
  </testcase>
</testsuite>