<?xml version="1.0" encoding="UTF-8"?>
<!-- Generated by org.testng.reporters.JUnitXMLReporter -->
<testsuite hostname="DESKTOP-RDHN4KM" ignored="0" name="APITesting" tests="57" failures="15" timestamp="19 May 2019 00:31:06 GMT" time="41.053" errors="0">
  <testcase name="testAPIData1" time="2.38" classname="APIReview.GetAPIData"/>
  <testcase name="testAPIData2" time="1.517" classname="APIReview.GetAPIData"/>
  <testcase name="userNamePasswordTest" time="0.326" classname="APIReview.LoginDemo"/>
  <testcase name="deletePost" time="0.727" classname="APIReview.WP1_API_Posts">
    <failure type="java.lang.AssertionError" message="1 expectation failed.
Expected status code &amp;lt;200&amp;gt; but was &amp;lt;404&amp;gt;.
">
      <![CDATA[java.lang.AssertionError: 1 expectation failed.
Expected status code <200> but was <404>.

at org.codehaus.groovy.runtime.callsite.ConstructorSite$ConstructorSiteNoUnwrap.callConstructor(ConstructorSite.java:84)
at org.codehaus.groovy.runtime.callsite.CallSiteArray.defaultCallConstructor(CallSiteArray.java:59)
at org.codehaus.groovy.runtime.callsite.AbstractCallSite.callConstructor(AbstractCallSite.java:238)
at org.codehaus.groovy.runtime.callsite.AbstractCallSite.callConstructor(AbstractCallSite.java:250)
at io.restassured.internal.ResponseSpecificationImpl$HamcrestAssertionClosure.validate(ResponseSpecificationImpl.groovy:494)
at io.restassured.internal.ResponseSpecificationImpl$HamcrestAssertionClosure$validate$1.call(Unknown Source)
at org.codehaus.groovy.runtime.callsite.CallSiteArray.defaultCall(CallSiteArray.java:47)
at org.codehaus.groovy.runtime.callsite.AbstractCallSite.call(AbstractCallSite.java:116)
at org.codehaus.groovy.runtime.callsite.AbstractCallSite.call(AbstractCallSite.java:128)
at io.restassured.internal.ResponseSpecificationImpl.validateResponseIfRequired(ResponseSpecificationImpl.groovy:656)
at org.codehaus.groovy.runtime.callsite.PogoMetaMethodSite$PogoCachedMethodSiteNoUnwrapNoCoerce.invoke(PogoMetaMethodSite.java:210)
at org.codehaus.groovy.runtime.callsite.PogoMetaMethodSite.callCurrent(PogoMetaMethodSite.java:59)
at org.codehaus.groovy.runtime.callsite.CallSiteArray.defaultCallCurrent(CallSiteArray.java:51)
at org.codehaus.groovy.runtime.callsite.AbstractCallSite.callCurrent(AbstractCallSite.java:157)
at org.codehaus.groovy.runtime.callsite.AbstractCallSite.callCurrent(AbstractCallSite.java:169)
at io.restassured.internal.ResponseSpecificationImpl.statusCode(ResponseSpecificationImpl.groovy:125)
at io.restassured.specification.ResponseSpecification$statusCode$0.callCurrent(Unknown Source)
at org.codehaus.groovy.runtime.callsite.CallSiteArray.defaultCallCurrent(CallSiteArray.java:51)
at org.codehaus.groovy.runtime.callsite.AbstractCallSite.callCurrent(AbstractCallSite.java:157)
at org.codehaus.groovy.runtime.callsite.AbstractCallSite.callCurrent(AbstractCallSite.java:169)
at io.restassured.internal.ResponseSpecificationImpl.statusCode(ResponseSpecificationImpl.groovy:133)
at io.restassured.internal.ValidatableResponseOptionsImpl.statusCode(ValidatableResponseOptionsImpl.java:119)
at APIReview.WP1_API_Posts.deletePost(WP1_API_Posts.java:94)
... Removed 39 stack frames]]>
    </failure>
  </testcase> <!-- deletePost -->
  <testcase name="getPostSatusTest" time="0.527" classname="APIReview.WP1_API_Posts"/>
  <testcase name="ifValidationFailsTest" time="0.619" classname="APIReview.WP1_API_Posts">
    <failure type="java.lang.AssertionError" message="1 expectation failed.
JSON path id doesn&amp;apos;t match.
Expected: a collection containing &amp;lt;39&amp;gt;
  Actual: [44]
">
      <![CDATA[java.lang.AssertionError: 1 expectation failed.
JSON path id doesn't match.
Expected: a collection containing <39>
  Actual: [44]

at org.codehaus.groovy.runtime.callsite.ConstructorSite$ConstructorSiteNoUnwrap.callConstructor(ConstructorSite.java:84)
at org.codehaus.groovy.runtime.callsite.AbstractCallSite.callConstructor(AbstractCallSite.java:250)
at io.restassured.internal.ResponseSpecificationImpl$HamcrestAssertionClosure.validate(ResponseSpecificationImpl.groovy:494)
at io.restassured.internal.ResponseSpecificationImpl$HamcrestAssertionClosure$validate$1.call(Unknown Source)
at io.restassured.internal.ResponseSpecificationImpl.validateResponseIfRequired(ResponseSpecificationImpl.groovy:656)
at org.codehaus.groovy.runtime.callsite.PogoMetaMethodSite$PogoCachedMethodSiteNoUnwrapNoCoerce.invoke(PogoMetaMethodSite.java:210)
at org.codehaus.groovy.runtime.callsite.PogoMetaMethodSite.callCurrent(PogoMetaMethodSite.java:59)
at org.codehaus.groovy.runtime.callsite.CallSiteArray.defaultCallCurrent(CallSiteArray.java:51)
at org.codehaus.groovy.runtime.callsite.AbstractCallSite.callCurrent(AbstractCallSite.java:157)
at org.codehaus.groovy.runtime.callsite.AbstractCallSite.callCurrent(AbstractCallSite.java:169)
at io.restassured.internal.ResponseSpecificationImpl.content(ResponseSpecificationImpl.groovy:277)
at io.restassured.specification.ResponseSpecification$content$1.callCurrent(Unknown Source)
at org.codehaus.groovy.runtime.callsite.CallSiteArray.defaultCallCurrent(CallSiteArray.java:51)
at org.codehaus.groovy.runtime.callsite.AbstractCallSite.callCurrent(AbstractCallSite.java:157)
at org.codehaus.groovy.runtime.callsite.AbstractCallSite.callCurrent(AbstractCallSite.java:193)
at io.restassured.internal.ResponseSpecificationImpl.body(ResponseSpecificationImpl.groovy:260)
at io.restassured.internal.ValidatableResponseOptionsImpl.body(ValidatableResponseOptionsImpl.java:274)
at APIReview.WP1_API_Posts.ifValidationFailsTest(WP1_API_Posts.java:56)
... Removed 39 stack frames]]>
    </failure>
  </testcase> <!-- ifValidationFailsTest -->
  <testcase name="postTest" time="0.716" classname="APIReview.WP1_API_Posts"/>
  <testcase name="prettyPrintBody" time="1.272" classname="APIReview.WP1_API_Posts"/>
  <testcase name="putTest" time="0.501" classname="APIReview.WP1_API_Posts">
    <failure type="java.lang.AssertionError" message="1 expectation failed.
Expected status code &amp;lt;200&amp;gt; but was &amp;lt;404&amp;gt;.
">
      <![CDATA[java.lang.AssertionError: 1 expectation failed.
Expected status code <200> but was <404>.

at org.codehaus.groovy.runtime.callsite.ConstructorSite$ConstructorSiteNoUnwrap.callConstructor(ConstructorSite.java:84)
at org.codehaus.groovy.runtime.callsite.AbstractCallSite.callConstructor(AbstractCallSite.java:250)
at io.restassured.internal.ResponseSpecificationImpl$HamcrestAssertionClosure.validate(ResponseSpecificationImpl.groovy:494)
at io.restassured.internal.ResponseSpecificationImpl$HamcrestAssertionClosure$validate$1.call(Unknown Source)
at io.restassured.internal.ResponseSpecificationImpl.validateResponseIfRequired(ResponseSpecificationImpl.groovy:656)
at org.codehaus.groovy.runtime.callsite.PogoMetaMethodSite$PogoCachedMethodSiteNoUnwrapNoCoerce.invoke(PogoMetaMethodSite.java:210)
at org.codehaus.groovy.runtime.callsite.PogoMetaMethodSite.callCurrent(PogoMetaMethodSite.java:59)
at org.codehaus.groovy.runtime.callsite.AbstractCallSite.callCurrent(AbstractCallSite.java:169)
at io.restassured.internal.ResponseSpecificationImpl.statusCode(ResponseSpecificationImpl.groovy:125)
at io.restassured.specification.ResponseSpecification$statusCode$0.callCurrent(Unknown Source)
at io.restassured.internal.ResponseSpecificationImpl.statusCode(ResponseSpecificationImpl.groovy:133)
at io.restassured.internal.ValidatableResponseOptionsImpl.statusCode(ValidatableResponseOptionsImpl.java:119)
at APIReview.WP1_API_Posts.putTest(WP1_API_Posts.java:82)
... Removed 39 stack frames]]>
    </failure>
  </testcase> <!-- putTest -->
  <testcase name="testWithHamcrest" time="0.002" classname="APIReview.WP1_API_Posts"/>
  <testcase name="trashPost" time="0.421" classname="APIReview.WP1_API_Posts">
    <failure type="java.lang.AssertionError" message="1 expectation failed.
Expected status code &amp;lt;200&amp;gt; but was &amp;lt;404&amp;gt;.
">
      <![CDATA[java.lang.AssertionError: 1 expectation failed.
Expected status code <200> but was <404>.

at org.codehaus.groovy.runtime.callsite.ConstructorSite$ConstructorSiteNoUnwrap.callConstructor(ConstructorSite.java:84)
at org.codehaus.groovy.runtime.callsite.AbstractCallSite.callConstructor(AbstractCallSite.java:250)
at io.restassured.internal.ResponseSpecificationImpl$HamcrestAssertionClosure.validate(ResponseSpecificationImpl.groovy:494)
at io.restassured.internal.ResponseSpecificationImpl$HamcrestAssertionClosure$validate$1.call(Unknown Source)
at io.restassured.internal.ResponseSpecificationImpl.validateResponseIfRequired(ResponseSpecificationImpl.groovy:656)
at org.codehaus.groovy.runtime.callsite.PogoMetaMethodSite$PogoCachedMethodSiteNoUnwrapNoCoerce.invoke(PogoMetaMethodSite.java:210)
at org.codehaus.groovy.runtime.callsite.PogoMetaMethodSite.callCurrent(PogoMetaMethodSite.java:59)
at org.codehaus.groovy.runtime.callsite.AbstractCallSite.callCurrent(AbstractCallSite.java:169)
at io.restassured.internal.ResponseSpecificationImpl.statusCode(ResponseSpecificationImpl.groovy:125)
at io.restassured.specification.ResponseSpecification$statusCode$0.callCurrent(Unknown Source)
at io.restassured.internal.ResponseSpecificationImpl.statusCode(ResponseSpecificationImpl.groovy:133)
at io.restassured.internal.ValidatableResponseOptionsImpl.statusCode(ValidatableResponseOptionsImpl.java:119)
at APIReview.WP1_API_Posts.trashPost(WP1_API_Posts.java:88)
... Removed 39 stack frames]]>
    </failure>
  </testcase> <!-- trashPost -->
  <testcase name="verifyBodyTest" time="0.498" classname="APIReview.WP1_API_Posts"/>
  <testcase name="convertXMLToJson" time="0.012" classname="APIReview.JsonConversion"/>
  <testcase name="matcherAssert_Matchers_Test" time="0.007" classname="APIReview.MatcherAssert_MatchersDemo"/>
  <testcase name="user_cannot_see_other_user_info" time="0.459" classname="APIReview.WP1_API_Users"/>
  <testcase name="driverInfo" time="0.427" classname="APIReview.JsonPathDemo"/>
  <testcase name="driverInfo2" time="3.287" classname="APIReview.JsonPathDemo"/>
  <testcase name="driverInfo3" time="0.49" classname="APIReview.JsonPathDemo"/>
  <testcase name="instructorAll" time="0.292" classname="APIReview.JsonPathDemo"/>
  <testcase name="instructorOne" time="0.166" classname="APIReview.JsonPathDemo"/>
  <testcase name="GAndOMTest1" time="0.085" classname="APIReview.PojoDemo_Person"/>
  <testcase name="GAndOMTest2" time="0.003" classname="APIReview.PojoDemo_Person"/>
  <testcase name="testWithAPI" time="0.74" classname="APIReview.PojoDemo_Person">
    <failure type="com.google.gson.JsonSyntaxException" message="java.lang.IllegalStateException: Expected BEGIN_OBJECT but was STRING at line 1 column 1 path $">
      <![CDATA[com.google.gson.JsonSyntaxException: java.lang.IllegalStateException: Expected BEGIN_OBJECT but was STRING at line 1 column 1 path $
at com.google.gson.internal.bind.ReflectiveTypeAdapterFactory$Adapter.read(ReflectiveTypeAdapterFactory.java:226)
at com.google.gson.Gson.fromJson(Gson.java:927)
at com.google.gson.Gson.fromJson(Gson.java:892)
at com.google.gson.Gson.fromJson(Gson.java:841)
at com.google.gson.Gson.fromJson(Gson.java:813)
at APIReview.PojoDemo_Person.testWithAPI(PojoDemo_Person.java:79)
Caused by: java.lang.IllegalStateException: Expected BEGIN_OBJECT but was STRING at line 1 column 1 path $
at com.google.gson.stream.JsonReader.beginObject(JsonReader.java:385)
at com.google.gson.internal.bind.ReflectiveTypeAdapterFactory$Adapter.read(ReflectiveTypeAdapterFactory.java:215)
... 34 more
... Removed 29 stack frames]]>
    </failure>
  </testcase> <!-- testWithAPI -->
  <testcase name="testWithQueryParam" time="0.354" classname="APIReview.PojoDemo_Person">
    <failure type="java.lang.AssertionError" message="1 expectation failed.
Expected status code &amp;lt;200&amp;gt; but was &amp;lt;404&amp;gt;.
">
      <![CDATA[java.lang.AssertionError: 1 expectation failed.
Expected status code <200> but was <404>.

at org.codehaus.groovy.runtime.callsite.ConstructorSite$ConstructorSiteNoUnwrap.callConstructor(ConstructorSite.java:84)
at org.codehaus.groovy.runtime.callsite.AbstractCallSite.callConstructor(AbstractCallSite.java:250)
at io.restassured.internal.ResponseSpecificationImpl$HamcrestAssertionClosure.validate(ResponseSpecificationImpl.groovy:494)
at io.restassured.internal.ResponseSpecificationImpl$HamcrestAssertionClosure$validate$1.call(Unknown Source)
at io.restassured.internal.ResponseSpecificationImpl.validateResponseIfRequired(ResponseSpecificationImpl.groovy:656)
at org.codehaus.groovy.runtime.callsite.PogoMetaMethodSite$PogoCachedMethodSiteNoUnwrapNoCoerce.invoke(PogoMetaMethodSite.java:210)
at org.codehaus.groovy.runtime.callsite.PogoMetaMethodSite.callCurrent(PogoMetaMethodSite.java:59)
at org.codehaus.groovy.runtime.callsite.AbstractCallSite.callCurrent(AbstractCallSite.java:169)
at io.restassured.internal.ResponseSpecificationImpl.statusCode(ResponseSpecificationImpl.groovy:125)
at io.restassured.specification.ResponseSpecification$statusCode$0.callCurrent(Unknown Source)
at io.restassured.internal.ResponseSpecificationImpl.statusCode(ResponseSpecificationImpl.groovy:133)
at io.restassured.internal.ValidatableResponseOptionsImpl.statusCode(ValidatableResponseOptionsImpl.java:119)
at APIReview.PojoDemo_Person.testWithQueryParam(PojoDemo_Person.java:107)
... Removed 39 stack frames]]>
    </failure>
  </testcase> <!-- testWithQueryParam -->
  <testcase name="post_User_With_PojoClass" time="2.548" classname="APIReview.WP1_Map_Pojo_InsteadOfJsonPath"/>
  <testcase name="postTeam" time="0.625" classname="APIReview.JsonPathDemoBookIt">
    <failure type="java.lang.AssertionError" message="1 expectation failed.
Expected status code &amp;lt;201&amp;gt; but was &amp;lt;404&amp;gt;.
">
      <![CDATA[java.lang.AssertionError: 1 expectation failed.
Expected status code <201> but was <404>.

at org.codehaus.groovy.runtime.callsite.ConstructorSite$ConstructorSiteNoUnwrap.callConstructor(ConstructorSite.java:84)
at org.codehaus.groovy.runtime.callsite.AbstractCallSite.callConstructor(AbstractCallSite.java:250)
at io.restassured.internal.ResponseSpecificationImpl$HamcrestAssertionClosure.validate(ResponseSpecificationImpl.groovy:494)
at io.restassured.internal.ResponseSpecificationImpl$HamcrestAssertionClosure$validate$1.call(Unknown Source)
at io.restassured.internal.ResponseSpecificationImpl.validateResponseIfRequired(ResponseSpecificationImpl.groovy:656)
at org.codehaus.groovy.runtime.callsite.PogoMetaMethodSite$PogoCachedMethodSiteNoUnwrapNoCoerce.invoke(PogoMetaMethodSite.java:210)
at org.codehaus.groovy.runtime.callsite.PogoMetaMethodSite.callCurrent(PogoMetaMethodSite.java:59)
at org.codehaus.groovy.runtime.callsite.AbstractCallSite.callCurrent(AbstractCallSite.java:169)
at io.restassured.internal.ResponseSpecificationImpl.statusCode(ResponseSpecificationImpl.groovy:125)
at io.restassured.specification.ResponseSpecification$statusCode$0.callCurrent(Unknown Source)
at io.restassured.internal.ResponseSpecificationImpl.statusCode(ResponseSpecificationImpl.groovy:133)
at io.restassured.internal.ValidatableResponseOptionsImpl.statusCode(ValidatableResponseOptionsImpl.java:119)
at APIReview.JsonPathDemoBookIt.postTeam(JsonPathDemoBookIt.java:120)
... Removed 38 stack frames]]>
    </failure>
  </testcase> <!-- postTeam -->
  <testcase name="clusterAPITest" time="0.302" classname="APIReview.JsonPathDemoBookIt">
    <failure type="io.restassured.path.json.exception.JsonPathException" message="Failed to parse the JSON document">
      <![CDATA[io.restassured.path.json.exception.JsonPathException: Failed to parse the JSON document
at io.restassured.path.json.JsonPath$ExceptionCatcher.invoke(JsonPath.java:986)
at io.restassured.path.json.JsonPath$4.doParseWith(JsonPath.java:951)
at io.restassured.path.json.JsonPath$JsonParser.parseWith(JsonPath.java:1031)
at io.restassured.path.json.JsonPath.get(JsonPath.java:202)
at io.restassured.path.json.JsonPath.getMap(JsonPath.java:434)
at APIReview.JsonPathDemoBookIt.clusterAPITest(JsonPathDemoBookIt.java:61)
Caused by: groovy.json.JsonException: Lexing failed on line: 1, column: 1, while reading 'r', no possible valid JSON value or punctuation could be recognized.
at groovy.json.JsonLexer.nextToken(JsonLexer.java:87)
at groovy.json.JsonLexer$nextToken.call(Unknown Source)
at io.restassured.internal.path.json.ConfigurableJsonSlurper.parse(ConfigurableJsonSlurper.groovy:97)
at io.restassured.internal.path.json.ConfigurableJsonSlurper$parse.callCurrent(Unknown Source)
at io.restassured.internal.path.json.ConfigurableJsonSlurper.parseText(ConfigurableJsonSlurper.groovy:83)
at io.restassured.path.json.JsonPath$4$1.method(JsonPath.java:949)
at io.restassured.path.json.JsonPath$ExceptionCatcher.invoke(JsonPath.java:984)
... 34 more
... Removed 29 stack frames]]>
    </failure>
  </testcase> <!-- clusterAPITest -->
  <testcase name="clusterAPITest" time="0.307" classname="APIReview.Pojo_Bookit_Clusters">
    <failure type="com.fasterxml.jackson.core.JsonParseException" message="Unrecognized token &amp;apos;requested&amp;apos;: was expecting (&amp;apos;true&amp;apos;, &amp;apos;false&amp;apos; or &amp;apos;null&amp;apos;)
 at [Source: (String)&amp;quot;requested %s resource was not found.&amp;quot;; line: 1, column: 10]">
      <![CDATA[com.fasterxml.jackson.core.JsonParseException: Unrecognized token 'requested': was expecting ('true', 'false' or 'null')
 at [Source: (String)"requested %s resource was not found."; line: 1, column: 10]
at com.fasterxml.jackson.core.JsonParser._constructError(JsonParser.java:1804)
at com.fasterxml.jackson.core.base.ParserMinimalBase._reportError(ParserMinimalBase.java:703)
at com.fasterxml.jackson.core.json.ReaderBasedJsonParser._reportInvalidToken(ReaderBasedJsonParser.java:2853)
at com.fasterxml.jackson.core.json.ReaderBasedJsonParser._handleOddValue(ReaderBasedJsonParser.java:1899)
at com.fasterxml.jackson.core.json.ReaderBasedJsonParser.nextToken(ReaderBasedJsonParser.java:757)
at com.fasterxml.jackson.databind.ObjectMapper._initForReading(ObjectMapper.java:4141)
at com.fasterxml.jackson.databind.ObjectMapper._readMapAndClose(ObjectMapper.java:4000)
at com.fasterxml.jackson.databind.ObjectMapper.readValue(ObjectMapper.java:3004)
at APIReview.Pojo_Bookit_Clusters.clusterAPITest(Pojo_Bookit_Clusters.java:47)
... Removed 29 stack frames]]>
    </failure>
  </testcase> <!-- clusterAPITest -->
  <testcase name="create_user_with_role" time="0.849" classname="APIReview.WPUtilityDemo"/>
  <testcase name="postStudent" time="0.0" classname="APIReview.JsonPathDemoBookIt">
    <skipped/>
  </testcase> <!-- postStudent -->
  <testcase name="allInstructorTest" time="0.23" classname="APIReview.Pojo_Cybertek_Instructors"/>
  <testcase name="oneInstructorTest" time="0.119" classname="APIReview.Pojo_Cybertek_Instructors"/>
  <testcase name="jsonPayLoadTest" time="0.746" classname="APIReview.JsonPayloadExample">
    <failure type="java.lang.AssertionError" message="1 expectation failed.
Expected status code &amp;lt;200&amp;gt; but was &amp;lt;404&amp;gt;.
">
      <![CDATA[java.lang.AssertionError: 1 expectation failed.
Expected status code <200> but was <404>.

at org.codehaus.groovy.runtime.callsite.ConstructorSite$ConstructorSiteNoUnwrap.callConstructor(ConstructorSite.java:84)
at org.codehaus.groovy.runtime.callsite.AbstractCallSite.callConstructor(AbstractCallSite.java:250)
at io.restassured.internal.ResponseSpecificationImpl$HamcrestAssertionClosure.validate(ResponseSpecificationImpl.groovy:494)
at io.restassured.internal.ResponseSpecificationImpl$HamcrestAssertionClosure$validate$1.call(Unknown Source)
at io.restassured.internal.ResponseSpecificationImpl.validateResponseIfRequired(ResponseSpecificationImpl.groovy:656)
at org.codehaus.groovy.runtime.callsite.PogoMetaMethodSite$PogoCachedMethodSiteNoUnwrapNoCoerce.invoke(PogoMetaMethodSite.java:210)
at org.codehaus.groovy.runtime.callsite.PogoMetaMethodSite.callCurrent(PogoMetaMethodSite.java:59)
at org.codehaus.groovy.runtime.callsite.AbstractCallSite.callCurrent(AbstractCallSite.java:169)
at io.restassured.internal.ResponseSpecificationImpl.statusCode(ResponseSpecificationImpl.groovy:125)
at io.restassured.specification.ResponseSpecification$statusCode$0.callCurrent(Unknown Source)
at io.restassured.internal.ResponseSpecificationImpl.statusCode(ResponseSpecificationImpl.groovy:133)
at io.restassured.internal.ValidatableResponseOptionsImpl.statusCode(ValidatableResponseOptionsImpl.java:119)
at APIReview.JsonPayloadExample.jsonPayLoadTest(JsonPayloadExample.java:40)
... Removed 38 stack frames]]>
    </failure>
  </testcase> <!-- jsonPayLoadTest -->
  <testcase name="allStudentsAPITest" time="0.243" classname="APIReview.Pojo_Cybertek_Students"/>
  <testcase name="oneStudentAPITest1" time="0.113" classname="APIReview.Pojo_Cybertek_Students"/>
  <testcase name="getToken" time="0.547" classname="APIReview.JWTAuthentication01"/>
  <testcase name="driverTestWithPojo" time="0.303" classname="APIReview.Pojo_JsonPathDemo_Drivers"/>
  <testcase name="driversTestWithJsonPath" time="0.329" classname="APIReview.Pojo_JsonPathDemo_Drivers"/>
  <testcase name="personTest" time="0.004" classname="APIReview.Pojo_JsonPathDemo_Drivers"/>
  <testcase name="testString" time="0.002" classname="APIReview.Pojo_JsonPathDemo_Drivers"/>
  <testcase name="agetCityNameTest" time="0.692" classname="APIReview.QueryParameterDemo"/>
  <testcase name="amountAndRegionTest" time="0.361" classname="APIReview.QueryParameterDemo"/>
  <testcase name="bgetRegionNameTest" time="0.713" classname="APIReview.QueryParameterDemo"/>
  <testcase name="cgetAmountAndRegionTest" time="0.718" classname="APIReview.QueryParameterDemo"/>
  <testcase name="dgetAmountAndRegionGenderTest" time="0.69" classname="APIReview.QueryParameterDemo"/>
  <testcase name="testBody" time="0.439" classname="APIReview.ResponseBodyVerification"/>
  <testcase name="testBody2" time="0.33" classname="APIReview.ResponseBodyVerification"/>
  <testcase name="testBody3" time="0.33" classname="APIReview.ResponseBodyVerification">
    <failure type="java.lang.AssertionError" message="1 expectation failed.
XML path region doesn&amp;apos;t match.
Expected: is &amp;quot;Mexico&amp;quot;
  Actual: 404 Not FoundNot FoundThe requested URL /api/wp-json/jwt-auth/v1 was not found on this server.Additionally, a 404 Not Found
error was encountered while trying to use an ErrorDocument to handle the request.
">
      <![CDATA[java.lang.AssertionError: 1 expectation failed.
XML path region doesn't match.
Expected: is "Mexico"
  Actual: 404 Not FoundNot FoundThe requested URL /api/wp-json/jwt-auth/v1 was not found on this server.Additionally, a 404 Not Found
error was encountered while trying to use an ErrorDocument to handle the request.

at org.codehaus.groovy.runtime.callsite.ConstructorSite$ConstructorSiteNoUnwrap.callConstructor(ConstructorSite.java:84)
at org.codehaus.groovy.runtime.callsite.AbstractCallSite.callConstructor(AbstractCallSite.java:250)
at io.restassured.internal.ResponseSpecificationImpl$HamcrestAssertionClosure.validate(ResponseSpecificationImpl.groovy:494)
at io.restassured.internal.ResponseSpecificationImpl$HamcrestAssertionClosure$validate$1.call(Unknown Source)
at io.restassured.internal.ResponseSpecificationImpl.validateResponseIfRequired(ResponseSpecificationImpl.groovy:656)
at org.codehaus.groovy.runtime.callsite.PogoMetaMethodSite$PogoCachedMethodSiteNoUnwrapNoCoerce.invoke(PogoMetaMethodSite.java:210)
at org.codehaus.groovy.runtime.callsite.PogoMetaMethodSite.callCurrent(PogoMetaMethodSite.java:59)
at org.codehaus.groovy.runtime.callsite.AbstractCallSite.callCurrent(AbstractCallSite.java:169)
at io.restassured.internal.ResponseSpecificationImpl.content(ResponseSpecificationImpl.groovy:277)
at io.restassured.specification.ResponseSpecification$content$1.callCurrent(Unknown Source)
at org.codehaus.groovy.runtime.callsite.CallSiteArray.defaultCallCurrent(CallSiteArray.java:51)
at io.restassured.specification.ResponseSpecification$content$1.callCurrent(Unknown Source)
at io.restassured.internal.ResponseSpecificationImpl.body(ResponseSpecificationImpl.groovy:260)
at io.restassured.internal.ValidatableResponseOptionsImpl.body(ValidatableResponseOptionsImpl.java:274)
at APIReview.ResponseBodyVerification.testBody3(ResponseBodyVerification.java:50)
... Removed 38 stack frames]]>
    </failure>
  </testcase> <!-- testBody3 -->
  <testcase name="verifyNumberOfResults" time="0.331" classname="APIReview.ResponseBodyVerification">
    <failure type="java.lang.AssertionError" message="1 expectation failed.
XML path $ doesn&amp;apos;t match.
Expected: a collection with size &amp;lt;2&amp;gt;
  Actual: 404 Not FoundNot FoundThe requested URL /api/wp-json/jwt-auth/v1 was not found on this server.Additionally, a 404 Not Found
error was encountered while trying to use an ErrorDocument to handle the request.
">
      <![CDATA[java.lang.AssertionError: 1 expectation failed.
XML path $ doesn't match.
Expected: a collection with size <2>
  Actual: 404 Not FoundNot FoundThe requested URL /api/wp-json/jwt-auth/v1 was not found on this server.Additionally, a 404 Not Found
error was encountered while trying to use an ErrorDocument to handle the request.

at org.codehaus.groovy.runtime.callsite.ConstructorSite$ConstructorSiteNoUnwrap.callConstructor(ConstructorSite.java:84)
at org.codehaus.groovy.runtime.callsite.AbstractCallSite.callConstructor(AbstractCallSite.java:250)
at io.restassured.internal.ResponseSpecificationImpl$HamcrestAssertionClosure.validate(ResponseSpecificationImpl.groovy:494)
at io.restassured.internal.ResponseSpecificationImpl$HamcrestAssertionClosure$validate$1.call(Unknown Source)
at io.restassured.internal.ResponseSpecificationImpl.validateResponseIfRequired(ResponseSpecificationImpl.groovy:656)
at org.codehaus.groovy.runtime.callsite.PogoMetaMethodSite$PogoCachedMethodSiteNoUnwrapNoCoerce.invoke(PogoMetaMethodSite.java:210)
at org.codehaus.groovy.runtime.callsite.PogoMetaMethodSite.callCurrent(PogoMetaMethodSite.java:59)
at org.codehaus.groovy.runtime.callsite.AbstractCallSite.callCurrent(AbstractCallSite.java:169)
at io.restassured.internal.ResponseSpecificationImpl.content(ResponseSpecificationImpl.groovy:277)
at io.restassured.specification.ResponseSpecification$content$1.callCurrent(Unknown Source)
at org.codehaus.groovy.runtime.callsite.CallSiteArray.defaultCallCurrent(CallSiteArray.java:51)
at io.restassured.specification.ResponseSpecification$content$1.callCurrent(Unknown Source)
at io.restassured.internal.ResponseSpecificationImpl.body(ResponseSpecificationImpl.groovy:260)
at io.restassured.internal.ValidatableResponseOptionsImpl.body(ValidatableResponseOptionsImpl.java:274)
at APIReview.ResponseBodyVerification.verifyNumberOfResults(ResponseBodyVerification.java:65)
... Removed 38 stack frames]]>
    </failure>
  </testcase> <!-- verifyNumberOfResults -->
  <testcase name="getWP1PostsTests" time="0.745" classname="APIReview.ResponseManipulation"/>
  <testcase name="logginTest" time="4.553" classname="APIReview.RestAssuredLoggingDemo"/>
  <testcase name="testOK" time="0.345" classname="APIReview.StatusCodeValidation">
    <failure type="java.lang.AssertionError" message="1 expectation failed.
Expected status code &amp;lt;200&amp;gt; but was &amp;lt;404&amp;gt;.
">
      <![CDATA[java.lang.AssertionError: 1 expectation failed.
Expected status code <200> but was <404>.

at org.codehaus.groovy.runtime.callsite.ConstructorSite$ConstructorSiteNoUnwrap.callConstructor(ConstructorSite.java:84)
at org.codehaus.groovy.runtime.callsite.AbstractCallSite.callConstructor(AbstractCallSite.java:250)
at io.restassured.internal.ResponseSpecificationImpl$HamcrestAssertionClosure.validate(ResponseSpecificationImpl.groovy:494)
at io.restassured.internal.ResponseSpecificationImpl$HamcrestAssertionClosure$validate$1.call(Unknown Source)
at io.restassured.internal.ResponseSpecificationImpl.validateResponseIfRequired(ResponseSpecificationImpl.groovy:656)
at org.codehaus.groovy.runtime.callsite.PogoMetaMethodSite$PogoCachedMethodSiteNoUnwrapNoCoerce.invoke(PogoMetaMethodSite.java:210)
at org.codehaus.groovy.runtime.callsite.PogoMetaMethodSite.callCurrent(PogoMetaMethodSite.java:59)
at org.codehaus.groovy.runtime.callsite.AbstractCallSite.callCurrent(AbstractCallSite.java:169)
at io.restassured.internal.ResponseSpecificationImpl.statusCode(ResponseSpecificationImpl.groovy:125)
at io.restassured.specification.ResponseSpecification$statusCode$0.callCurrent(Unknown Source)
at io.restassured.internal.ResponseSpecificationImpl.statusCode(ResponseSpecificationImpl.groovy:133)
at io.restassured.internal.ValidatableResponseOptionsImpl.statusCode(ValidatableResponseOptionsImpl.java:119)
at APIReview.StatusCodeValidation.testOK(StatusCodeValidation.java:23)
... Removed 38 stack frames]]>
    </failure>
  </testcase> <!-- testOK -->
  <testcase name="coursesModulesTest" time="0.785" classname="APIReview.JWTAuthenticationOnCybertek"/>
  <testcase name="postPostsWithToken" time="0.774" classname="APIReview.JWTAuthentication01"/>
  <testcase name="update_user" time="0.883" classname="APIReview.WPUtilityDemo">
    <failure type="java.lang.AssertionError" message="1 expectation failed.
Expected status code &amp;lt;200&amp;gt; but was &amp;lt;403&amp;gt;.
">
      <![CDATA[java.lang.AssertionError: 1 expectation failed.
Expected status code <200> but was <403>.

at org.codehaus.groovy.runtime.callsite.ConstructorSite$ConstructorSiteNoUnwrap.callConstructor(ConstructorSite.java:84)
at org.codehaus.groovy.runtime.callsite.AbstractCallSite.callConstructor(AbstractCallSite.java:250)
at io.restassured.internal.ResponseSpecificationImpl$HamcrestAssertionClosure.validate(ResponseSpecificationImpl.groovy:494)
at io.restassured.internal.ResponseSpecificationImpl$HamcrestAssertionClosure$validate$1.call(Unknown Source)
at io.restassured.internal.ResponseSpecificationImpl.validateResponseIfRequired(ResponseSpecificationImpl.groovy:656)
at org.codehaus.groovy.runtime.callsite.PogoMetaMethodSite$PogoCachedMethodSiteNoUnwrapNoCoerce.invoke(PogoMetaMethodSite.java:210)
at org.codehaus.groovy.runtime.callsite.PogoMetaMethodSite.callCurrent(PogoMetaMethodSite.java:59)
at org.codehaus.groovy.runtime.callsite.AbstractCallSite.callCurrent(AbstractCallSite.java:169)
at io.restassured.internal.ResponseSpecificationImpl.statusCode(ResponseSpecificationImpl.groovy:125)
at io.restassured.specification.ResponseSpecification$statusCode$0.callCurrent(Unknown Source)
at io.restassured.internal.ResponseSpecificationImpl.statusCode(ResponseSpecificationImpl.groovy:133)
at io.restassured.internal.ValidatableResponseOptionsImpl.statusCode(ValidatableResponseOptionsImpl.java:119)
at utilities.WPUtility.update_User(WPUtility.java:64)
at APIReview.WPUtilityDemo.update_user(WPUtilityDemo.java:33)
... Removed 38 stack frames]]>
    </failure>
  </testcase> <!-- update_user -->
  <testcase name="postUserWithJWT" time="0.634" classname="APIReview.JWTAuthentication01"/>
  <testcase name="delete_user" time="0.387" classname="APIReview.WPUtilityDemo">
    <failure type="java.lang.AssertionError" message="1 expectation failed.
Expected status code &amp;lt;200&amp;gt; but was &amp;lt;403&amp;gt;.
">
      <![CDATA[java.lang.AssertionError: 1 expectation failed.
Expected status code <200> but was <403>.

at org.codehaus.groovy.runtime.callsite.ConstructorSite$ConstructorSiteNoUnwrap.callConstructor(ConstructorSite.java:84)
at org.codehaus.groovy.runtime.callsite.AbstractCallSite.callConstructor(AbstractCallSite.java:250)
at io.restassured.internal.ResponseSpecificationImpl$HamcrestAssertionClosure.validate(ResponseSpecificationImpl.groovy:494)
at io.restassured.internal.ResponseSpecificationImpl$HamcrestAssertionClosure$validate$1.call(Unknown Source)
at io.restassured.internal.ResponseSpecificationImpl.validateResponseIfRequired(ResponseSpecificationImpl.groovy:656)
at org.codehaus.groovy.runtime.callsite.PogoMetaMethodSite$PogoCachedMethodSiteNoUnwrapNoCoerce.invoke(PogoMetaMethodSite.java:210)
at org.codehaus.groovy.runtime.callsite.PogoMetaMethodSite.callCurrent(PogoMetaMethodSite.java:59)
at org.codehaus.groovy.runtime.callsite.AbstractCallSite.callCurrent(AbstractCallSite.java:169)
at io.restassured.internal.ResponseSpecificationImpl.statusCode(ResponseSpecificationImpl.groovy:125)
at io.restassured.specification.ResponseSpecification$statusCode$0.callCurrent(Unknown Source)
at io.restassured.internal.ResponseSpecificationImpl.statusCode(ResponseSpecificationImpl.groovy:133)
at io.restassured.internal.ValidatableResponseOptionsImpl.statusCode(ValidatableResponseOptionsImpl.java:119)
at utilities.WPUtility.delete_User(WPUtility.java:81)
at APIReview.WPUtilityDemo.delete_user(WPUtilityDemo.java:38)
... Removed 38 stack frames]]>
    </failure>
  </testcase> <!-- delete_user -->
</testsuite> <!-- APITesting -->
