<!DOCTYPE html PUBLIC "-//W3C//DTD XHTML 1.1//EN" "http://www.w3.org/TR/xhtml11/DTD/xhtml11.dtd">
<html xmlns="http://www.w3.org/1999/xhtml">
<head>
<meta http-equiv="content-type" content="text/html; charset=UTF-8"/>
<title>TestNG Report</title>
<style type="text/css">table {margin-bottom:10px;border-collapse:collapse;empty-cells:show}th,td {border:1px solid #009;padding:.25em .5em}th {vertical-align:bottom}td {vertical-align:top}table a {font-weight:bold}.stripe td {background-color: #E6EBF9}.num {text-align:right}.passedodd td {background-color: #3F3}.passedeven td {background-color: #0A0}.skippedodd td {background-color: #DDD}.skippedeven td {background-color: #CCC}.failedodd td,.attn {background-color: #F33}.failedeven td,.stripe .attn {background-color: #D00}.stacktrace {white-space:pre;font-family:monospace}.totop {font-size:85%;text-align:center;border-bottom:2px solid #000}.invisible {display:none}</style>
</head>
<body>
<table>
<tr><th>Test</th><th># Passed</th><th># Skipped</th><th># Failed</th><th>Time (ms)</th><th>Included Groups</th><th>Excluded Groups</th></tr>
<tr><th colspan="7">AutomationPractice</th></tr>
<tr><td><a href="#t0">APITesting</a></td><td class="num">41</td><td class="num attn">1</td><td class="num attn">15</td><td class="num">41,506</td><td></td><td></td></tr>
</table>
<table id='summary'><thead><tr><th>Class</th><th>Method</th><th>Start</th><th>Time (ms)</th></tr></thead><tbody><tr><th colspan="4">AutomationPractice</th></tr></tbody><tbody id="t0"><tr><th colspan="4">APITesting &#8212; failed</th></tr><tr class="failedeven"><td rowspan="2">APIReview.JsonPathDemoBookIt</td><td><a href="#m0">clusterAPITest</a></td><td rowspan="1">1558224315612</td><td rowspan="1">689</td></tr><tr class="failedeven"><td><a href="#m1">postTeam</a></td><td rowspan="1">1558224315022</td><td rowspan="1">586</td></tr><tr class="failedodd"><td rowspan="1">APIReview.JsonPayloadExample</td><td><a href="#m2">jsonPayLoadTest</a></td><td rowspan="1">1558224319205</td><td rowspan="1">630</td></tr><tr class="failedeven"><td rowspan="2">APIReview.PojoDemo_Person</td><td><a href="#m3">testWithAPI</a></td><td rowspan="1">1558224309761</td><td rowspan="1">855</td></tr><tr class="failedeven"><td><a href="#m4">testWithQueryParam</a></td><td rowspan="1">1558224310618</td><td rowspan="1">361</td></tr><tr class="failedodd"><td rowspan="1">APIReview.Pojo_Bookit_Clusters</td><td><a href="#m5">clusterAPITest</a></td><td rowspan="1">1558224317859</td><td rowspan="1">301</td></tr><tr class="failedeven"><td rowspan="2">APIReview.ResponseBodyVerification</td><td><a href="#m6">testBody3</a></td><td rowspan="1">1558224326333</td><td rowspan="1">1897</td></tr><tr class="failedeven"><td><a href="#m7">verifyNumberOfResults</a></td><td rowspan="1">1558224328232</td><td rowspan="1">340</td></tr><tr class="failedodd"><td rowspan="1">APIReview.StatusCodeValidation</td><td><a href="#m8">testOK</a></td><td rowspan="1">1558224333573</td><td rowspan="1">340</td></tr><tr class="failedeven"><td rowspan="4">APIReview.WP1_API_Posts</td><td><a href="#m9">deletePost</a></td><td rowspan="1">1558224300073</td><td rowspan="1">605</td></tr><tr class="failedeven"><td><a href="#m10">ifValidationFailsTest</a></td><td rowspan="1">1558224301111</td><td rowspan="1">512</td></tr><tr class="failedeven"><td><a href="#m11">putTest</a></td><td rowspan="1">1558224303161</td><td rowspan="1">388</td></tr><tr class="failedeven"><td><a href="#m12">trashPost</a></td><td rowspan="1">1558224303555</td><td rowspan="1">381</td></tr><tr class="failedodd"><td rowspan="2">APIReview.WPUtilityDemo</td><td><a href="#m13">delete_user</a></td><td rowspan="1">1558224337315</td><td rowspan="1">363</td></tr><tr class="failedodd"><td><a href="#m14">update_user</a></td><td rowspan="1">1558224335779</td><td rowspan="1">881</td></tr><tr><th colspan="4">APITesting &#8212; skipped</th></tr><tr class="skippedeven"><td rowspan="1">APIReview.JsonPathDemoBookIt</td><td><a href="#m15">postStudent</a></td><td rowspan="1">1558224318917</td><td rowspan="1">0</td></tr><tr><th colspan="4">APITesting &#8212; passed</th></tr><tr class="passedeven"><td rowspan="2">APIReview.GetAPIData</td><td><a href="#m16">testAPIData1</a></td><td rowspan="1">1558224296199</td><td rowspan="1">2172</td></tr><tr class="passedeven"><td><a href="#m17">testAPIData2</a></td><td rowspan="1">1558224298373</td><td rowspan="1">1403</td></tr><tr class="passedodd"><td rowspan="3">APIReview.JWTAuthentication01</td><td><a href="#m18">getToken</a></td><td rowspan="1">1558224320183</td><td rowspan="1">1723</td></tr><tr class="passedodd"><td><a href="#m19">postPostsWithToken</a></td><td rowspan="1">1558224334723</td><td rowspan="1">1055</td></tr><tr class="passedodd"><td><a href="#m20">postUserWithJWT</a></td><td rowspan="1">1558224336661</td><td rowspan="1">653</td></tr><tr class="passedeven"><td rowspan="1">APIReview.JWTAuthenticationOnCybertek</td><td><a href="#m21">coursesModulesTest</a></td><td rowspan="1">1558224333918</td><td rowspan="1">804</td></tr><tr class="passedodd"><td rowspan="1">APIReview.JsonConversion</td><td><a href="#m22">convertXMLToJson</a></td><td rowspan="1">1558224304427</td><td rowspan="1">11</td></tr><tr class="passedeven"><td rowspan="5">APIReview.JsonPathDemo</td><td><a href="#m23">driverInfo</a></td><td rowspan="1">1558224304886</td><td rowspan="1">672</td></tr><tr class="passedeven"><td><a href="#m24">driverInfo2</a></td><td rowspan="1">1558224305559</td><td rowspan="1">3294</td></tr><tr class="passedeven"><td><a href="#m25">driverInfo3</a></td><td rowspan="1">1558224308855</td><td rowspan="1">353</td></tr><tr class="passedeven"><td><a href="#m26">instructorAll</a></td><td rowspan="1">1558224309209</td><td rowspan="1">286</td></tr><tr class="passedeven"><td><a href="#m27">instructorOne</a></td><td rowspan="1">1558224309496</td><td rowspan="1">156</td></tr><tr class="passedodd"><td rowspan="1">APIReview.LoginDemo</td><td><a href="#m28">userNamePasswordTest</a></td><td rowspan="1">1558224299778</td><td rowspan="1">293</td></tr><tr class="passedeven"><td rowspan="1">APIReview.MatcherAssert_MatchersDemo</td><td><a href="#m29">matcherAssert_Matchers_Test</a></td><td rowspan="1">1558224304439</td><td rowspan="1">8</td></tr><tr class="passedodd"><td rowspan="2">APIReview.PojoDemo_Person</td><td><a href="#m30">GAndOMTest1</a></td><td rowspan="1">1558224309653</td><td rowspan="1">101</td></tr><tr class="passedodd"><td><a href="#m31">GAndOMTest2</a></td><td rowspan="1">1558224309756</td><td rowspan="1">4</td></tr><tr class="passedeven"><td rowspan="2">APIReview.Pojo_Cybertek_Instructors</td><td><a href="#m32">allInstructorTest</a></td><td rowspan="1">1558224318918</td><td rowspan="1">169</td></tr><tr class="passedeven"><td><a href="#m33">oneInstructorTest</a></td><td rowspan="1">1558224319088</td><td rowspan="1">112</td></tr><tr class="passedodd"><td rowspan="2">APIReview.Pojo_Cybertek_Students</td><td><a href="#m34">allStudentsAPITest</a></td><td rowspan="1">1558224319836</td><td rowspan="1">218</td></tr><tr class="passedodd"><td><a href="#m35">oneStudentAPITest1</a></td><td rowspan="1">1558224320055</td><td rowspan="1">126</td></tr><tr class="passedeven"><td rowspan="4">APIReview.Pojo_JsonPathDemo_Drivers</td><td><a href="#m36">driverTestWithPojo</a></td><td rowspan="1">1558224321907</td><td rowspan="1">270</td></tr><tr class="passedeven"><td><a href="#m37">driversTestWithJsonPath</a></td><td rowspan="1">1558224322178</td><td rowspan="1">300</td></tr><tr class="passedeven"><td><a href="#m38">personTest</a></td><td rowspan="1">1558224322479</td><td rowspan="1">2</td></tr><tr class="passedeven"><td><a href="#m39">testString</a></td><td rowspan="1">1558224322482</td><td rowspan="1">1</td></tr><tr class="passedodd"><td rowspan="5">APIReview.QueryParameterDemo</td><td><a href="#m40">agetCityNameTest</a></td><td rowspan="1">1558224322484</td><td rowspan="1">671</td></tr><tr class="passedodd"><td><a href="#m41">amountAndRegionTest</a></td><td rowspan="1">1558224323157</td><td rowspan="1">355</td></tr><tr class="passedodd"><td><a href="#m42">bgetRegionNameTest</a></td><td rowspan="1">1558224323514</td><td rowspan="1">706</td></tr><tr class="passedodd"><td><a href="#m43">cgetAmountAndRegionTest</a></td><td rowspan="1">1558224324222</td><td rowspan="1">691</td></tr><tr class="passedodd"><td><a href="#m44">dgetAmountAndRegionGenderTest</a></td><td rowspan="1">1558224324915</td><td rowspan="1">667</td></tr><tr class="passedeven"><td rowspan="2">APIReview.ResponseBodyVerification</td><td><a href="#m45">testBody</a></td><td rowspan="1">1558224325584</td><td rowspan="1">418</td></tr><tr class="passedeven"><td><a href="#m46">testBody2</a></td><td rowspan="1">1558224326003</td><td rowspan="1">329</td></tr><tr class="passedodd"><td rowspan="1">APIReview.ResponseManipulation</td><td><a href="#m47">getWP1PostsTests</a></td><td rowspan="1">1558224328574</td><td rowspan="1">735</td></tr><tr class="passedeven"><td rowspan="1">APIReview.RestAssuredLoggingDemo</td><td><a href="#m48">logginTest</a></td><td rowspan="1">1558224329310</td><td rowspan="1">4260</td></tr><tr class="passedodd"><td rowspan="5">APIReview.WP1_API_Posts</td><td><a href="#m49">getPostSatusTest</a></td><td rowspan="1">1558224300682</td><td rowspan="1">428</td></tr><tr class="passedodd"><td><a href="#m50">postTest</a></td><td rowspan="1">1558224301626</td><td rowspan="1">536</td></tr><tr class="passedodd"><td><a href="#m51">prettyPrintBody</a></td><td rowspan="1">1558224302163</td><td rowspan="1">997</td></tr><tr class="passedodd"><td><a href="#m52">testWithHamcrest</a></td><td rowspan="1">1558224303551</td><td rowspan="1">2</td></tr><tr class="passedodd"><td><a href="#m53">verifyBodyTest</a></td><td rowspan="1">1558224303937</td><td rowspan="1">487</td></tr><tr class="passedeven"><td rowspan="1">APIReview.WP1_API_Users</td><td><a href="#m54">user_cannot_see_other_user_info</a></td><td rowspan="1">1558224304448</td><td rowspan="1">436</td></tr><tr class="passedodd"><td rowspan="1">APIReview.WP1_Map_Pojo_InsteadOfJsonPath</td><td><a href="#m55">post_User_With_PojoClass</a></td><td rowspan="1">1558224310984</td><td rowspan="1">2391</td></tr><tr class="passedeven"><td rowspan="1">APIReview.WPUtilityDemo</td><td><a href="#m56">create_user_with_role</a></td><td rowspan="1">1558224318164</td><td rowspan="1">751</td></tr></tbody>
</table>
<h2>APITesting</h2><h3 id="m0">APIReview.JsonPathDemoBookIt#clusterAPITest</h3><table class="result"><tr><th>Exception</th></tr><tr><td><div class="stacktrace">io.restassured.path.json.exception.JsonPathException: Failed to parse the JSON document
	at io.restassured.path.json.JsonPath$ExceptionCatcher.invoke(JsonPath.java:986)
	at io.restassured.path.json.JsonPath$4.doParseWith(JsonPath.java:951)
	at io.restassured.path.json.JsonPath$JsonParser.parseWith(JsonPath.java:1031)
	at io.restassured.path.json.JsonPath.get(JsonPath.java:202)
	at io.restassured.path.json.JsonPath.getMap(JsonPath.java:434)
	at APIReview.JsonPathDemoBookIt.clusterAPITest(JsonPathDemoBookIt.java:61)
Caused by: groovy.json.JsonException: Lexing failed on line: 1, column: 1, while reading &apos;r&apos;, no possible valid JSON value or punctuation could be recognized.
	at groovy.json.JsonLexer.nextToken(JsonLexer.java:87)
	at groovy.json.JsonLexer$nextToken.call(Unknown Source)
	at io.restassured.internal.path.json.ConfigurableJsonSlurper.parse(ConfigurableJsonSlurper.groovy:97)
	at io.restassured.internal.path.json.ConfigurableJsonSlurper$parse.callCurrent(Unknown Source)
	at io.restassured.internal.path.json.ConfigurableJsonSlurper.parseText(ConfigurableJsonSlurper.groovy:83)
	at io.restassured.path.json.JsonPath$4$1.method(JsonPath.java:949)
	at io.restassured.path.json.JsonPath$ExceptionCatcher.invoke(JsonPath.java:984)
	... 30 more
... Removed 25 stack frames</div></td></tr></table><p class="totop"><a href="#summary">back to summary</a></p>
<h3 id="m1">APIReview.JsonPathDemoBookIt#postTeam</h3><table class="result"><tr><th>Exception</th></tr><tr><td><div class="stacktrace">java.lang.AssertionError: 1 expectation failed.
Expected status code &lt;201&gt; but was &lt;404&gt;.

	at org.codehaus.groovy.runtime.callsite.ConstructorSite$ConstructorSiteNoUnwrap.callConstructor(ConstructorSite.java:84)
	at org.codehaus.groovy.runtime.callsite.AbstractCallSite.callConstructor(AbstractCallSite.java:250)
	at io.restassured.internal.ResponseSpecificationImpl$HamcrestAssertionClosure.validate(ResponseSpecificationImpl.groovy:494)
	at io.restassured.internal.ResponseSpecificationImpl$HamcrestAssertionClosure$validate$1.call(Unknown Source)
	at io.restassured.internal.ResponseSpecificationImpl.validateResponseIfRequired(ResponseSpecificationImpl.groovy:656)
	at org.codehaus.groovy.runtime.callsite.PogoMetaMethodSite$PogoCachedMethodSiteNoUnwrapNoCoerce.invoke(PogoMetaMethodSite.java:210)
	at org.codehaus.groovy.runtime.callsite.PogoMetaMethodSite.callCurrent(PogoMetaMethodSite.java:59)
	at org.codehaus.groovy.runtime.callsite.AbstractCallSite.callCurrent(AbstractCallSite.java:169)
	at io.restassured.internal.ResponseSpecificationImpl.statusCode(ResponseSpecificationImpl.groovy:125)
	at io.restassured.specification.ResponseSpecification$statusCode$0.callCurrent(Unknown Source)
	at io.restassured.internal.ResponseSpecificationImpl.statusCode(ResponseSpecificationImpl.groovy:133)
	at io.restassured.internal.ValidatableResponseOptionsImpl.statusCode(ValidatableResponseOptionsImpl.java:119)
	at APIReview.JsonPathDemoBookIt.postTeam(JsonPathDemoBookIt.java:120)
... Removed 34 stack frames</div></td></tr></table><p class="totop"><a href="#summary">back to summary</a></p>
<h3 id="m2">APIReview.JsonPayloadExample#jsonPayLoadTest</h3><table class="result"><tr><th>Exception</th></tr><tr><td><div class="stacktrace">java.lang.AssertionError: 1 expectation failed.
Expected status code &lt;200&gt; but was &lt;404&gt;.

	at org.codehaus.groovy.runtime.callsite.ConstructorSite$ConstructorSiteNoUnwrap.callConstructor(ConstructorSite.java:84)
	at org.codehaus.groovy.runtime.callsite.AbstractCallSite.callConstructor(AbstractCallSite.java:250)
	at io.restassured.internal.ResponseSpecificationImpl$HamcrestAssertionClosure.validate(ResponseSpecificationImpl.groovy:494)
	at io.restassured.internal.ResponseSpecificationImpl$HamcrestAssertionClosure$validate$1.call(Unknown Source)
	at io.restassured.internal.ResponseSpecificationImpl.validateResponseIfRequired(ResponseSpecificationImpl.groovy:656)
	at org.codehaus.groovy.runtime.callsite.PogoMetaMethodSite$PogoCachedMethodSiteNoUnwrapNoCoerce.invoke(PogoMetaMethodSite.java:210)
	at org.codehaus.groovy.runtime.callsite.PogoMetaMethodSite.callCurrent(PogoMetaMethodSite.java:59)
	at org.codehaus.groovy.runtime.callsite.AbstractCallSite.callCurrent(AbstractCallSite.java:169)
	at io.restassured.internal.ResponseSpecificationImpl.statusCode(ResponseSpecificationImpl.groovy:125)
	at io.restassured.specification.ResponseSpecification$statusCode$0.callCurrent(Unknown Source)
	at io.restassured.internal.ResponseSpecificationImpl.statusCode(ResponseSpecificationImpl.groovy:133)
	at io.restassured.internal.ValidatableResponseOptionsImpl.statusCode(ValidatableResponseOptionsImpl.java:119)
	at APIReview.JsonPayloadExample.jsonPayLoadTest(JsonPayloadExample.java:40)
... Removed 34 stack frames</div></td></tr></table><p class="totop"><a href="#summary">back to summary</a></p>
<h3 id="m3">APIReview.PojoDemo_Person#testWithAPI</h3><table class="result"><tr><th>Exception</th></tr><tr><td><div class="stacktrace">com.google.gson.JsonSyntaxException: java.lang.IllegalStateException: Expected BEGIN_OBJECT but was STRING at line 1 column 1 path $
	at com.google.gson.internal.bind.ReflectiveTypeAdapterFactory$Adapter.read(ReflectiveTypeAdapterFactory.java:226)
	at com.google.gson.Gson.fromJson(Gson.java:927)
	at com.google.gson.Gson.fromJson(Gson.java:892)
	at com.google.gson.Gson.fromJson(Gson.java:841)
	at com.google.gson.Gson.fromJson(Gson.java:813)
	at APIReview.PojoDemo_Person.testWithAPI(PojoDemo_Person.java:79)
Caused by: java.lang.IllegalStateException: Expected BEGIN_OBJECT but was STRING at line 1 column 1 path $
	at com.google.gson.stream.JsonReader.beginObject(JsonReader.java:385)
	at com.google.gson.internal.bind.ReflectiveTypeAdapterFactory$Adapter.read(ReflectiveTypeAdapterFactory.java:215)
	... 30 more
... Removed 25 stack frames</div></td></tr></table><p class="totop"><a href="#summary">back to summary</a></p>
<h3 id="m4">APIReview.PojoDemo_Person#testWithQueryParam</h3><table class="result"><tr><th>Exception</th></tr><tr><td><div class="stacktrace">java.lang.AssertionError: 1 expectation failed.
Expected status code &lt;200&gt; but was &lt;404&gt;.

	at org.codehaus.groovy.runtime.callsite.ConstructorSite$ConstructorSiteNoUnwrap.callConstructor(ConstructorSite.java:84)
	at org.codehaus.groovy.runtime.callsite.AbstractCallSite.callConstructor(AbstractCallSite.java:250)
	at io.restassured.internal.ResponseSpecificationImpl$HamcrestAssertionClosure.validate(ResponseSpecificationImpl.groovy:494)
	at io.restassured.internal.ResponseSpecificationImpl$HamcrestAssertionClosure$validate$1.call(Unknown Source)
	at io.restassured.internal.ResponseSpecificationImpl.validateResponseIfRequired(ResponseSpecificationImpl.groovy:656)
	at org.codehaus.groovy.runtime.callsite.PogoMetaMethodSite$PogoCachedMethodSiteNoUnwrapNoCoerce.invoke(PogoMetaMethodSite.java:210)
	at org.codehaus.groovy.runtime.callsite.PogoMetaMethodSite.callCurrent(PogoMetaMethodSite.java:59)
	at org.codehaus.groovy.runtime.callsite.AbstractCallSite.callCurrent(AbstractCallSite.java:169)
	at io.restassured.internal.ResponseSpecificationImpl.statusCode(ResponseSpecificationImpl.groovy:125)
	at io.restassured.specification.ResponseSpecification$statusCode$0.callCurrent(Unknown Source)
	at io.restassured.internal.ResponseSpecificationImpl.statusCode(ResponseSpecificationImpl.groovy:133)
	at io.restassured.internal.ValidatableResponseOptionsImpl.statusCode(ValidatableResponseOptionsImpl.java:119)
	at APIReview.PojoDemo_Person.testWithQueryParam(PojoDemo_Person.java:107)
... Removed 35 stack frames</div></td></tr></table><p class="totop"><a href="#summary">back to summary</a></p>
<h3 id="m5">APIReview.Pojo_Bookit_Clusters#clusterAPITest</h3><table class="result"><tr><th>Exception</th></tr><tr><td><div class="stacktrace">com.fasterxml.jackson.core.JsonParseException: Unrecognized token &apos;requested&apos;: was expecting (&apos;true&apos;, &apos;false&apos; or &apos;null&apos;)
 at [Source: (String)&quot;requested %s resource was not found.&quot;; line: 1, column: 10]
	at com.fasterxml.jackson.core.JsonParser._constructError(JsonParser.java:1804)
	at com.fasterxml.jackson.core.base.ParserMinimalBase._reportError(ParserMinimalBase.java:703)
	at com.fasterxml.jackson.core.json.ReaderBasedJsonParser._reportInvalidToken(ReaderBasedJsonParser.java:2853)
	at com.fasterxml.jackson.core.json.ReaderBasedJsonParser._handleOddValue(ReaderBasedJsonParser.java:1899)
	at com.fasterxml.jackson.core.json.ReaderBasedJsonParser.nextToken(ReaderBasedJsonParser.java:757)
	at com.fasterxml.jackson.databind.ObjectMapper._initForReading(ObjectMapper.java:4141)
	at com.fasterxml.jackson.databind.ObjectMapper._readMapAndClose(ObjectMapper.java:4000)
	at com.fasterxml.jackson.databind.ObjectMapper.readValue(ObjectMapper.java:3004)
	at APIReview.Pojo_Bookit_Clusters.clusterAPITest(Pojo_Bookit_Clusters.java:47)
... Removed 25 stack frames</div></td></tr></table><p class="totop"><a href="#summary">back to summary</a></p>
<h3 id="m6">APIReview.ResponseBodyVerification#testBody3</h3><table class="result"><tr><th>Exception</th></tr><tr><td><div class="stacktrace">java.lang.AssertionError: 1 expectation failed.
XML path region doesn&apos;t match.
Expected: is &quot;Mexico&quot;
  Actual: 404 Not FoundNot FoundThe requested URL /api/wp-json/jwt-auth/v1 was not found on this server.Additionally, a 404 Not Found
error was encountered while trying to use an ErrorDocument to handle the request.

	at org.codehaus.groovy.runtime.callsite.ConstructorSite$ConstructorSiteNoUnwrap.callConstructor(ConstructorSite.java:84)
	at org.codehaus.groovy.runtime.callsite.AbstractCallSite.callConstructor(AbstractCallSite.java:250)
	at io.restassured.internal.ResponseSpecificationImpl$HamcrestAssertionClosure.validate(ResponseSpecificationImpl.groovy:494)
	at io.restassured.internal.ResponseSpecificationImpl$HamcrestAssertionClosure$validate$1.call(Unknown Source)
	at io.restassured.internal.ResponseSpecificationImpl.validateResponseIfRequired(ResponseSpecificationImpl.groovy:656)
	at org.codehaus.groovy.runtime.callsite.PogoMetaMethodSite$PogoCachedMethodSiteNoUnwrapNoCoerce.invoke(PogoMetaMethodSite.java:210)
	at org.codehaus.groovy.runtime.callsite.PogoMetaMethodSite.callCurrent(PogoMetaMethodSite.java:59)
	at org.codehaus.groovy.runtime.callsite.AbstractCallSite.callCurrent(AbstractCallSite.java:169)
	at io.restassured.internal.ResponseSpecificationImpl.content(ResponseSpecificationImpl.groovy:277)
	at io.restassured.specification.ResponseSpecification$content$1.callCurrent(Unknown Source)
	at org.codehaus.groovy.runtime.callsite.CallSiteArray.defaultCallCurrent(CallSiteArray.java:51)
	at io.restassured.specification.ResponseSpecification$content$1.callCurrent(Unknown Source)
	at io.restassured.internal.ResponseSpecificationImpl.body(ResponseSpecificationImpl.groovy:260)
	at io.restassured.internal.ValidatableResponseOptionsImpl.body(ValidatableResponseOptionsImpl.java:274)
	at APIReview.ResponseBodyVerification.testBody3(ResponseBodyVerification.java:50)
... Removed 34 stack frames</div></td></tr></table><p class="totop"><a href="#summary">back to summary</a></p>
<h3 id="m7">APIReview.ResponseBodyVerification#verifyNumberOfResults</h3><table class="result"><tr><th>Exception</th></tr><tr><td><div class="stacktrace">java.lang.AssertionError: 1 expectation failed.
XML path $ doesn&apos;t match.
Expected: a collection with size &lt;2&gt;
  Actual: 404 Not FoundNot FoundThe requested URL /api/wp-json/jwt-auth/v1 was not found on this server.Additionally, a 404 Not Found
error was encountered while trying to use an ErrorDocument to handle the request.

	at org.codehaus.groovy.runtime.callsite.ConstructorSite$ConstructorSiteNoUnwrap.callConstructor(ConstructorSite.java:84)
	at org.codehaus.groovy.runtime.callsite.AbstractCallSite.callConstructor(AbstractCallSite.java:250)
	at io.restassured.internal.ResponseSpecificationImpl$HamcrestAssertionClosure.validate(ResponseSpecificationImpl.groovy:494)
	at io.restassured.internal.ResponseSpecificationImpl$HamcrestAssertionClosure$validate$1.call(Unknown Source)
	at io.restassured.internal.ResponseSpecificationImpl.validateResponseIfRequired(ResponseSpecificationImpl.groovy:656)
	at org.codehaus.groovy.runtime.callsite.PogoMetaMethodSite$PogoCachedMethodSiteNoUnwrapNoCoerce.invoke(PogoMetaMethodSite.java:210)
	at org.codehaus.groovy.runtime.callsite.PogoMetaMethodSite.callCurrent(PogoMetaMethodSite.java:59)
	at org.codehaus.groovy.runtime.callsite.AbstractCallSite.callCurrent(AbstractCallSite.java:169)
	at io.restassured.internal.ResponseSpecificationImpl.content(ResponseSpecificationImpl.groovy:277)
	at io.restassured.specification.ResponseSpecification$content$1.callCurrent(Unknown Source)
	at org.codehaus.groovy.runtime.callsite.CallSiteArray.defaultCallCurrent(CallSiteArray.java:51)
	at io.restassured.specification.ResponseSpecification$content$1.callCurrent(Unknown Source)
	at io.restassured.internal.ResponseSpecificationImpl.body(ResponseSpecificationImpl.groovy:260)
	at io.restassured.internal.ValidatableResponseOptionsImpl.body(ValidatableResponseOptionsImpl.java:274)
	at APIReview.ResponseBodyVerification.verifyNumberOfResults(ResponseBodyVerification.java:65)
... Removed 34 stack frames</div></td></tr></table><p class="totop"><a href="#summary">back to summary</a></p>
<h3 id="m8">APIReview.StatusCodeValidation#testOK</h3><table class="result"><tr><th>Exception</th></tr><tr><td><div class="stacktrace">java.lang.AssertionError: 1 expectation failed.
Expected status code &lt;200&gt; but was &lt;404&gt;.

	at org.codehaus.groovy.runtime.callsite.ConstructorSite$ConstructorSiteNoUnwrap.callConstructor(ConstructorSite.java:84)
	at org.codehaus.groovy.runtime.callsite.AbstractCallSite.callConstructor(AbstractCallSite.java:250)
	at io.restassured.internal.ResponseSpecificationImpl$HamcrestAssertionClosure.validate(ResponseSpecificationImpl.groovy:494)
	at io.restassured.internal.ResponseSpecificationImpl$HamcrestAssertionClosure$validate$1.call(Unknown Source)
	at io.restassured.internal.ResponseSpecificationImpl.validateResponseIfRequired(ResponseSpecificationImpl.groovy:656)
	at org.codehaus.groovy.runtime.callsite.PogoMetaMethodSite$PogoCachedMethodSiteNoUnwrapNoCoerce.invoke(PogoMetaMethodSite.java:210)
	at org.codehaus.groovy.runtime.callsite.PogoMetaMethodSite.callCurrent(PogoMetaMethodSite.java:59)
	at org.codehaus.groovy.runtime.callsite.AbstractCallSite.callCurrent(AbstractCallSite.java:169)
	at io.restassured.internal.ResponseSpecificationImpl.statusCode(ResponseSpecificationImpl.groovy:125)
	at io.restassured.specification.ResponseSpecification$statusCode$0.callCurrent(Unknown Source)
	at io.restassured.internal.ResponseSpecificationImpl.statusCode(ResponseSpecificationImpl.groovy:133)
	at io.restassured.internal.ValidatableResponseOptionsImpl.statusCode(ValidatableResponseOptionsImpl.java:119)
	at APIReview.StatusCodeValidation.testOK(StatusCodeValidation.java:23)
... Removed 34 stack frames</div></td></tr></table><p class="totop"><a href="#summary">back to summary</a></p>
<h3 id="m9">APIReview.WP1_API_Posts#deletePost</h3><table class="result"><tr><th>Exception</th></tr><tr><td><div class="stacktrace">java.lang.AssertionError: 1 expectation failed.
Expected status code &lt;200&gt; but was &lt;404&gt;.

	at org.codehaus.groovy.runtime.callsite.ConstructorSite$ConstructorSiteNoUnwrap.callConstructor(ConstructorSite.java:84)
	at org.codehaus.groovy.runtime.callsite.CallSiteArray.defaultCallConstructor(CallSiteArray.java:59)
	at org.codehaus.groovy.runtime.callsite.AbstractCallSite.callConstructor(AbstractCallSite.java:238)
	at org.codehaus.groovy.runtime.callsite.AbstractCallSite.callConstructor(AbstractCallSite.java:250)
	at io.restassured.internal.ResponseSpecificationImpl$HamcrestAssertionClosure.validate(ResponseSpecificationImpl.groovy:494)
	at io.restassured.internal.ResponseSpecificationImpl$HamcrestAssertionClosure$validate$1.call(Unknown Source)
	at org.codehaus.groovy.runtime.callsite.CallSiteArray.defaultCall(CallSiteArray.java:47)
	at org.codehaus.groovy.runtime.callsite.AbstractCallSite.call(AbstractCallSite.java:116)
	at org.codehaus.groovy.runtime.callsite.AbstractCallSite.call(AbstractCallSite.java:128)
	at io.restassured.internal.ResponseSpecificationImpl.validateResponseIfRequired(ResponseSpecificationImpl.groovy:656)
	at org.codehaus.groovy.runtime.callsite.PogoMetaMethodSite$PogoCachedMethodSiteNoUnwrapNoCoerce.invoke(PogoMetaMethodSite.java:210)
	at org.codehaus.groovy.runtime.callsite.PogoMetaMethodSite.callCurrent(PogoMetaMethodSite.java:59)
	at org.codehaus.groovy.runtime.callsite.CallSiteArray.defaultCallCurrent(CallSiteArray.java:51)
	at org.codehaus.groovy.runtime.callsite.AbstractCallSite.callCurrent(AbstractCallSite.java:157)
	at org.codehaus.groovy.runtime.callsite.AbstractCallSite.callCurrent(AbstractCallSite.java:169)
	at io.restassured.internal.ResponseSpecificationImpl.statusCode(ResponseSpecificationImpl.groovy:125)
	at io.restassured.specification.ResponseSpecification$statusCode$0.callCurrent(Unknown Source)
	at org.codehaus.groovy.runtime.callsite.CallSiteArray.defaultCallCurrent(CallSiteArray.java:51)
	at org.codehaus.groovy.runtime.callsite.AbstractCallSite.callCurrent(AbstractCallSite.java:157)
	at org.codehaus.groovy.runtime.callsite.AbstractCallSite.callCurrent(AbstractCallSite.java:169)
	at io.restassured.internal.ResponseSpecificationImpl.statusCode(ResponseSpecificationImpl.groovy:133)
	at io.restassured.internal.ValidatableResponseOptionsImpl.statusCode(ValidatableResponseOptionsImpl.java:119)
	at APIReview.WP1_API_Posts.deletePost(WP1_API_Posts.java:94)
... Removed 35 stack frames</div></td></tr></table><p class="totop"><a href="#summary">back to summary</a></p>
<h3 id="m10">APIReview.WP1_API_Posts#ifValidationFailsTest</h3><table class="result"><tr><th>Exception</th></tr><tr><td><div class="stacktrace">java.lang.AssertionError: 1 expectation failed.
JSON path id doesn&apos;t match.
Expected: a collection containing &lt;39&gt;
  Actual: [38]

	at org.codehaus.groovy.runtime.callsite.ConstructorSite$ConstructorSiteNoUnwrap.callConstructor(ConstructorSite.java:84)
	at org.codehaus.groovy.runtime.callsite.AbstractCallSite.callConstructor(AbstractCallSite.java:250)
	at io.restassured.internal.ResponseSpecificationImpl$HamcrestAssertionClosure.validate(ResponseSpecificationImpl.groovy:494)
	at io.restassured.internal.ResponseSpecificationImpl$HamcrestAssertionClosure$validate$1.call(Unknown Source)
	at io.restassured.internal.ResponseSpecificationImpl.validateResponseIfRequired(ResponseSpecificationImpl.groovy:656)
	at org.codehaus.groovy.runtime.callsite.PogoMetaMethodSite$PogoCachedMethodSiteNoUnwrapNoCoerce.invoke(PogoMetaMethodSite.java:210)
	at org.codehaus.groovy.runtime.callsite.PogoMetaMethodSite.callCurrent(PogoMetaMethodSite.java:59)
	at org.codehaus.groovy.runtime.callsite.CallSiteArray.defaultCallCurrent(CallSiteArray.java:51)
	at org.codehaus.groovy.runtime.callsite.AbstractCallSite.callCurrent(AbstractCallSite.java:157)
	at org.codehaus.groovy.runtime.callsite.AbstractCallSite.callCurrent(AbstractCallSite.java:169)
	at io.restassured.internal.ResponseSpecificationImpl.content(ResponseSpecificationImpl.groovy:277)
	at io.restassured.specification.ResponseSpecification$content$1.callCurrent(Unknown Source)
	at org.codehaus.groovy.runtime.callsite.CallSiteArray.defaultCallCurrent(CallSiteArray.java:51)
	at org.codehaus.groovy.runtime.callsite.AbstractCallSite.callCurrent(AbstractCallSite.java:157)
	at org.codehaus.groovy.runtime.callsite.AbstractCallSite.callCurrent(AbstractCallSite.java:193)
	at io.restassured.internal.ResponseSpecificationImpl.body(ResponseSpecificationImpl.groovy:260)
	at io.restassured.internal.ValidatableResponseOptionsImpl.body(ValidatableResponseOptionsImpl.java:274)
	at APIReview.WP1_API_Posts.ifValidationFailsTest(WP1_API_Posts.java:56)
... Removed 35 stack frames</div></td></tr></table><p class="totop"><a href="#summary">back to summary</a></p>
<h3 id="m11">APIReview.WP1_API_Posts#putTest</h3><table class="result"><tr><th>Exception</th></tr><tr><td><div class="stacktrace">java.lang.AssertionError: 1 expectation failed.
Expected status code &lt;200&gt; but was &lt;404&gt;.

	at org.codehaus.groovy.runtime.callsite.ConstructorSite$ConstructorSiteNoUnwrap.callConstructor(ConstructorSite.java:84)
	at org.codehaus.groovy.runtime.callsite.AbstractCallSite.callConstructor(AbstractCallSite.java:250)
	at io.restassured.internal.ResponseSpecificationImpl$HamcrestAssertionClosure.validate(ResponseSpecificationImpl.groovy:494)
	at io.restassured.internal.ResponseSpecificationImpl$HamcrestAssertionClosure$validate$1.call(Unknown Source)
	at io.restassured.internal.ResponseSpecificationImpl.validateResponseIfRequired(ResponseSpecificationImpl.groovy:656)
	at org.codehaus.groovy.runtime.callsite.PogoMetaMethodSite$PogoCachedMethodSiteNoUnwrapNoCoerce.invoke(PogoMetaMethodSite.java:210)
	at org.codehaus.groovy.runtime.callsite.PogoMetaMethodSite.callCurrent(PogoMetaMethodSite.java:59)
	at org.codehaus.groovy.runtime.callsite.AbstractCallSite.callCurrent(AbstractCallSite.java:169)
	at io.restassured.internal.ResponseSpecificationImpl.statusCode(ResponseSpecificationImpl.groovy:125)
	at io.restassured.specification.ResponseSpecification$statusCode$0.callCurrent(Unknown Source)
	at io.restassured.internal.ResponseSpecificationImpl.statusCode(ResponseSpecificationImpl.groovy:133)
	at io.restassured.internal.ValidatableResponseOptionsImpl.statusCode(ValidatableResponseOptionsImpl.java:119)
	at APIReview.WP1_API_Posts.putTest(WP1_API_Posts.java:82)
... Removed 35 stack frames</div></td></tr></table><p class="totop"><a href="#summary">back to summary</a></p>
<h3 id="m12">APIReview.WP1_API_Posts#trashPost</h3><table class="result"><tr><th>Exception</th></tr><tr><td><div class="stacktrace">java.lang.AssertionError: 1 expectation failed.
Expected status code &lt;200&gt; but was &lt;404&gt;.

	at org.codehaus.groovy.runtime.callsite.ConstructorSite$ConstructorSiteNoUnwrap.callConstructor(ConstructorSite.java:84)
	at org.codehaus.groovy.runtime.callsite.AbstractCallSite.callConstructor(AbstractCallSite.java:250)
	at io.restassured.internal.ResponseSpecificationImpl$HamcrestAssertionClosure.validate(ResponseSpecificationImpl.groovy:494)
	at io.restassured.internal.ResponseSpecificationImpl$HamcrestAssertionClosure$validate$1.call(Unknown Source)
	at io.restassured.internal.ResponseSpecificationImpl.validateResponseIfRequired(ResponseSpecificationImpl.groovy:656)
	at org.codehaus.groovy.runtime.callsite.PogoMetaMethodSite$PogoCachedMethodSiteNoUnwrapNoCoerce.invoke(PogoMetaMethodSite.java:210)
	at org.codehaus.groovy.runtime.callsite.PogoMetaMethodSite.callCurrent(PogoMetaMethodSite.java:59)
	at org.codehaus.groovy.runtime.callsite.AbstractCallSite.callCurrent(AbstractCallSite.java:169)
	at io.restassured.internal.ResponseSpecificationImpl.statusCode(ResponseSpecificationImpl.groovy:125)
	at io.restassured.specification.ResponseSpecification$statusCode$0.callCurrent(Unknown Source)
	at io.restassured.internal.ResponseSpecificationImpl.statusCode(ResponseSpecificationImpl.groovy:133)
	at io.restassured.internal.ValidatableResponseOptionsImpl.statusCode(ValidatableResponseOptionsImpl.java:119)
	at APIReview.WP1_API_Posts.trashPost(WP1_API_Posts.java:88)
... Removed 35 stack frames</div></td></tr></table><p class="totop"><a href="#summary">back to summary</a></p>
<h3 id="m13">APIReview.WPUtilityDemo#delete_user</h3><table class="result"><tr><th>Exception</th></tr><tr><td><div class="stacktrace">java.lang.AssertionError: 1 expectation failed.
Expected status code &lt;200&gt; but was &lt;403&gt;.

	at org.codehaus.groovy.runtime.callsite.ConstructorSite$ConstructorSiteNoUnwrap.callConstructor(ConstructorSite.java:84)
	at org.codehaus.groovy.runtime.callsite.AbstractCallSite.callConstructor(AbstractCallSite.java:250)
	at io.restassured.internal.ResponseSpecificationImpl$HamcrestAssertionClosure.validate(ResponseSpecificationImpl.groovy:494)
	at io.restassured.internal.ResponseSpecificationImpl$HamcrestAssertionClosure$validate$1.call(Unknown Source)
	at io.restassured.internal.ResponseSpecificationImpl.validateResponseIfRequired(ResponseSpecificationImpl.groovy:656)
	at org.codehaus.groovy.runtime.callsite.PogoMetaMethodSite$PogoCachedMethodSiteNoUnwrapNoCoerce.invoke(PogoMetaMethodSite.java:210)
	at org.codehaus.groovy.runtime.callsite.PogoMetaMethodSite.callCurrent(PogoMetaMethodSite.java:59)
	at org.codehaus.groovy.runtime.callsite.AbstractCallSite.callCurrent(AbstractCallSite.java:169)
	at io.restassured.internal.ResponseSpecificationImpl.statusCode(ResponseSpecificationImpl.groovy:125)
	at io.restassured.specification.ResponseSpecification$statusCode$0.callCurrent(Unknown Source)
	at io.restassured.internal.ResponseSpecificationImpl.statusCode(ResponseSpecificationImpl.groovy:133)
	at io.restassured.internal.ValidatableResponseOptionsImpl.statusCode(ValidatableResponseOptionsImpl.java:119)
	at utilities.WPUtility.delete_User(WPUtility.java:81)
	at APIReview.WPUtilityDemo.delete_user(WPUtilityDemo.java:38)
... Removed 34 stack frames</div></td></tr></table><p class="totop"><a href="#summary">back to summary</a></p>
<h3 id="m14">APIReview.WPUtilityDemo#update_user</h3><table class="result"><tr><th>Exception</th></tr><tr><td><div class="stacktrace">java.lang.AssertionError: 1 expectation failed.
Expected status code &lt;200&gt; but was &lt;403&gt;.

	at org.codehaus.groovy.runtime.callsite.ConstructorSite$ConstructorSiteNoUnwrap.callConstructor(ConstructorSite.java:84)
	at org.codehaus.groovy.runtime.callsite.AbstractCallSite.callConstructor(AbstractCallSite.java:250)
	at io.restassured.internal.ResponseSpecificationImpl$HamcrestAssertionClosure.validate(ResponseSpecificationImpl.groovy:494)
	at io.restassured.internal.ResponseSpecificationImpl$HamcrestAssertionClosure$validate$1.call(Unknown Source)
	at io.restassured.internal.ResponseSpecificationImpl.validateResponseIfRequired(ResponseSpecificationImpl.groovy:656)
	at org.codehaus.groovy.runtime.callsite.PogoMetaMethodSite$PogoCachedMethodSiteNoUnwrapNoCoerce.invoke(PogoMetaMethodSite.java:210)
	at org.codehaus.groovy.runtime.callsite.PogoMetaMethodSite.callCurrent(PogoMetaMethodSite.java:59)
	at org.codehaus.groovy.runtime.callsite.AbstractCallSite.callCurrent(AbstractCallSite.java:169)
	at io.restassured.internal.ResponseSpecificationImpl.statusCode(ResponseSpecificationImpl.groovy:125)
	at io.restassured.specification.ResponseSpecification$statusCode$0.callCurrent(Unknown Source)
	at io.restassured.internal.ResponseSpecificationImpl.statusCode(ResponseSpecificationImpl.groovy:133)
	at io.restassured.internal.ValidatableResponseOptionsImpl.statusCode(ValidatableResponseOptionsImpl.java:119)
	at utilities.WPUtility.update_User(WPUtility.java:64)
	at APIReview.WPUtilityDemo.update_user(WPUtilityDemo.java:33)
... Removed 34 stack frames</div></td></tr></table><p class="totop"><a href="#summary">back to summary</a></p>
<h3 id="m15">APIReview.JsonPathDemoBookIt#postStudent</h3><table class="result"><tr><th>Exception</th></tr><tr><td><div class="stacktrace">java.lang.Throwable: Method JsonPathDemoBookIt.postStudent()[pri:0, instance:APIReview.JsonPathDemoBookIt@6293abcc] depends on not successfully finished methods
... Removed 18 stack frames</div></td></tr></table><p class="totop"><a href="#summary">back to summary</a></p>
<h3 id="m16">APIReview.GetAPIData#testAPIData1</h3><table class="result"><tr><th class="invisible"/></tr></table><p class="totop"><a href="#summary">back to summary</a></p>
<h3 id="m17">APIReview.GetAPIData#testAPIData2</h3><table class="result"><tr><th class="invisible"/></tr></table><p class="totop"><a href="#summary">back to summary</a></p>
<h3 id="m18">APIReview.JWTAuthentication01#getToken</h3><table class="result"><tr><th class="invisible"/></tr></table><p class="totop"><a href="#summary">back to summary</a></p>
<h3 id="m19">APIReview.JWTAuthentication01#postPostsWithToken</h3><table class="result"><tr><th class="invisible"/></tr></table><p class="totop"><a href="#summary">back to summary</a></p>
<h3 id="m20">APIReview.JWTAuthentication01#postUserWithJWT</h3><table class="result"><tr><th class="invisible"/></tr></table><p class="totop"><a href="#summary">back to summary</a></p>
<h3 id="m21">APIReview.JWTAuthenticationOnCybertek#coursesModulesTest</h3><table class="result"><tr><th class="invisible"/></tr></table><p class="totop"><a href="#summary">back to summary</a></p>
<h3 id="m22">APIReview.JsonConversion#convertXMLToJson</h3><table class="result"><tr><th class="invisible"/></tr></table><p class="totop"><a href="#summary">back to summary</a></p>
<h3 id="m23">APIReview.JsonPathDemo#driverInfo</h3><table class="result"><tr><th class="invisible"/></tr></table><p class="totop"><a href="#summary">back to summary</a></p>
<h3 id="m24">APIReview.JsonPathDemo#driverInfo2</h3><table class="result"><tr><th class="invisible"/></tr></table><p class="totop"><a href="#summary">back to summary</a></p>
<h3 id="m25">APIReview.JsonPathDemo#driverInfo3</h3><table class="result"><tr><th class="invisible"/></tr></table><p class="totop"><a href="#summary">back to summary</a></p>
<h3 id="m26">APIReview.JsonPathDemo#instructorAll</h3><table class="result"><tr><th class="invisible"/></tr></table><p class="totop"><a href="#summary">back to summary</a></p>
<h3 id="m27">APIReview.JsonPathDemo#instructorOne</h3><table class="result"><tr><th class="invisible"/></tr></table><p class="totop"><a href="#summary">back to summary</a></p>
<h3 id="m28">APIReview.LoginDemo#userNamePasswordTest</h3><table class="result"><tr><th class="invisible"/></tr></table><p class="totop"><a href="#summary">back to summary</a></p>
<h3 id="m29">APIReview.MatcherAssert_MatchersDemo#matcherAssert_Matchers_Test</h3><table class="result"><tr><th class="invisible"/></tr></table><p class="totop"><a href="#summary">back to summary</a></p>
<h3 id="m30">APIReview.PojoDemo_Person#GAndOMTest1</h3><table class="result"><tr><th class="invisible"/></tr></table><p class="totop"><a href="#summary">back to summary</a></p>
<h3 id="m31">APIReview.PojoDemo_Person#GAndOMTest2</h3><table class="result"><tr><th class="invisible"/></tr></table><p class="totop"><a href="#summary">back to summary</a></p>
<h3 id="m32">APIReview.Pojo_Cybertek_Instructors#allInstructorTest</h3><table class="result"><tr><th class="invisible"/></tr></table><p class="totop"><a href="#summary">back to summary</a></p>
<h3 id="m33">APIReview.Pojo_Cybertek_Instructors#oneInstructorTest</h3><table class="result"><tr><th class="invisible"/></tr></table><p class="totop"><a href="#summary">back to summary</a></p>
<h3 id="m34">APIReview.Pojo_Cybertek_Students#allStudentsAPITest</h3><table class="result"><tr><th class="invisible"/></tr></table><p class="totop"><a href="#summary">back to summary</a></p>
<h3 id="m35">APIReview.Pojo_Cybertek_Students#oneStudentAPITest1</h3><table class="result"><tr><th class="invisible"/></tr></table><p class="totop"><a href="#summary">back to summary</a></p>
<h3 id="m36">APIReview.Pojo_JsonPathDemo_Drivers#driverTestWithPojo</h3><table class="result"><tr><th class="invisible"/></tr></table><p class="totop"><a href="#summary">back to summary</a></p>
<h3 id="m37">APIReview.Pojo_JsonPathDemo_Drivers#driversTestWithJsonPath</h3><table class="result"><tr><th class="invisible"/></tr></table><p class="totop"><a href="#summary">back to summary</a></p>
<h3 id="m38">APIReview.Pojo_JsonPathDemo_Drivers#personTest</h3><table class="result"><tr><th class="invisible"/></tr></table><p class="totop"><a href="#summary">back to summary</a></p>
<h3 id="m39">APIReview.Pojo_JsonPathDemo_Drivers#testString</h3><table class="result"><tr><th class="invisible"/></tr></table><p class="totop"><a href="#summary">back to summary</a></p>
<h3 id="m40">APIReview.QueryParameterDemo#agetCityNameTest</h3><table class="result"><tr><th class="invisible"/></tr></table><p class="totop"><a href="#summary">back to summary</a></p>
<h3 id="m41">APIReview.QueryParameterDemo#amountAndRegionTest</h3><table class="result"><tr><th class="invisible"/></tr></table><p class="totop"><a href="#summary">back to summary</a></p>
<h3 id="m42">APIReview.QueryParameterDemo#bgetRegionNameTest</h3><table class="result"><tr><th class="invisible"/></tr></table><p class="totop"><a href="#summary">back to summary</a></p>
<h3 id="m43">APIReview.QueryParameterDemo#cgetAmountAndRegionTest</h3><table class="result"><tr><th class="invisible"/></tr></table><p class="totop"><a href="#summary">back to summary</a></p>
<h3 id="m44">APIReview.QueryParameterDemo#dgetAmountAndRegionGenderTest</h3><table class="result"><tr><th class="invisible"/></tr></table><p class="totop"><a href="#summary">back to summary</a></p>
<h3 id="m45">APIReview.ResponseBodyVerification#testBody</h3><table class="result"><tr><th class="invisible"/></tr></table><p class="totop"><a href="#summary">back to summary</a></p>
<h3 id="m46">APIReview.ResponseBodyVerification#testBody2</h3><table class="result"><tr><th class="invisible"/></tr></table><p class="totop"><a href="#summary">back to summary</a></p>
<h3 id="m47">APIReview.ResponseManipulation#getWP1PostsTests</h3><table class="result"><tr><th class="invisible"/></tr></table><p class="totop"><a href="#summary">back to summary</a></p>
<h3 id="m48">APIReview.RestAssuredLoggingDemo#logginTest</h3><table class="result"><tr><th class="invisible"/></tr></table><p class="totop"><a href="#summary">back to summary</a></p>
<h3 id="m49">APIReview.WP1_API_Posts#getPostSatusTest</h3><table class="result"><tr><th class="invisible"/></tr></table><p class="totop"><a href="#summary">back to summary</a></p>
<h3 id="m50">APIReview.WP1_API_Posts#postTest</h3><table class="result"><tr><th class="invisible"/></tr></table><p class="totop"><a href="#summary">back to summary</a></p>
<h3 id="m51">APIReview.WP1_API_Posts#prettyPrintBody</h3><table class="result"><tr><th class="invisible"/></tr></table><p class="totop"><a href="#summary">back to summary</a></p>
<h3 id="m52">APIReview.WP1_API_Posts#testWithHamcrest</h3><table class="result"><tr><th class="invisible"/></tr></table><p class="totop"><a href="#summary">back to summary</a></p>
<h3 id="m53">APIReview.WP1_API_Posts#verifyBodyTest</h3><table class="result"><tr><th class="invisible"/></tr></table><p class="totop"><a href="#summary">back to summary</a></p>
<h3 id="m54">APIReview.WP1_API_Users#user_cannot_see_other_user_info</h3><table class="result"><tr><th class="invisible"/></tr></table><p class="totop"><a href="#summary">back to summary</a></p>
<h3 id="m55">APIReview.WP1_Map_Pojo_InsteadOfJsonPath#post_User_With_PojoClass</h3><table class="result"><tr><th class="invisible"/></tr></table><p class="totop"><a href="#summary">back to summary</a></p>
<h3 id="m56">APIReview.WPUtilityDemo#create_user_with_role</h3><table class="result"><tr><th class="invisible"/></tr></table><p class="totop"><a href="#summary">back to summary</a></p>
</body>
</html>
